2024-09-22 14:37:28,139 [INFO] Activator:176 - 


2024-09-22 14:37:28,143 [INFO] Activator:177 - !SESSION log4j initialized
2024-09-22 14:37:32,257 [INFO] LogOutputStream:77 - [STDOUT_REDIRECT] 
2024-09-22 14:37:53,573 [INFO] ApplicationProperties:184 - Using Application install path: C:\ST\STM32CubeIDE_1.14.0\STM32CubeIDE\plugins\com.st.stm32cube.common.mx_6.10.0.202311202037
2024-09-22 14:37:53,600 [INFO] DbMcusXml:78 - Set database path to: C:\ST\STM32CubeIDE_1.14.0\STM32CubeIDE\plugins\com.st.stm32cube.common.mx_6.10.0.202311202037\\db\/mcu/
2024-09-22 14:37:53,601 [INFO] ApiDb:274 - Set plugin database path to: C:\ST\STM32CubeIDE_1.14.0\STM32CubeIDE\plugins\com.st.stm32cube.common.mx_6.10.0.202311202037\\db\/plugins/boardmanager/
2024-09-22 14:37:53,601 [WARN] ApiDb:259 - Overriding images path with different value:  => C:\ST\STM32CubeIDE_1.14.0\STM32CubeIDE\plugins\com.st.stm32cube.common.mx_6.10.0.202311202037\\db\/plugins/mcufinder/images/
2024-09-22 14:37:53,610 [INFO] ApiDb:250 - Set database path to: C:\Users\ematric\.stmcufinder\plugins\mcufinder//mcu/
2024-09-22 14:37:53,612 [INFO] DbMcusAds:125 - Set database path to: C:\Users\ematric\.stmcufinder\plugins\mcufinder//mcu/
2024-09-22 14:37:53,640 [INFO] CrossReferenceDbSqlite:203 - Set database path to: C:\Users\ematric\.stmcufinder\plugins\mcufinder//mcu/cs/
2024-09-22 14:37:53,751 [INFO] RulesReader:64 - Compatibility file has been processed (297 Rules)
2024-09-22 14:37:53,839 [INFO] DbMcusXml:78 - Set database path to: C:\ST\STM32CubeIDE_1.14.0\STM32CubeIDE\plugins\com.st.stm32cube.common.mx_6.10.0.202311202037\\db\/mcu/
2024-09-22 14:37:53,839 [INFO] ApiDb:274 - Set plugin database path to: C:\ST\STM32CubeIDE_1.14.0\STM32CubeIDE\plugins\com.st.stm32cube.common.mx_6.10.0.202311202037\\db\/plugins/boardmanager/
2024-09-22 14:37:53,839 [INFO] ApiDb:261 - Set plugin images path to: C:\ST\STM32CubeIDE_1.14.0\STM32CubeIDE\plugins\com.st.stm32cube.common.mx_6.10.0.202311202037\\db\/plugins/mcufinder/images/
2024-09-22 14:37:53,840 [WARN] DbFile:41 - Overriding database path with different value: C:\Users\ematric\.stmcufinder\plugins\mcufinder/ => C:\Users\ematric\.stmcufinder\plugins\mcufinder
2024-09-22 14:37:53,840 [INFO] ApiDb:250 - Set database path to: C:\Users\ematric\.stmcufinder\plugins\mcufinder//mcu/
2024-09-22 14:37:53,840 [WARN] DbFile:41 - Overriding database path with different value: C:\Users\ematric\.stmcufinder\plugins\mcufinder/ => C:\Users\ematric\.stmcufinder\plugins\mcufinder
2024-09-22 14:37:53,840 [INFO] DbMcusAds:125 - Set database path to: C:\Users\ematric\.stmcufinder\plugins\mcufinder//mcu/
2024-09-22 14:37:53,840 [WARN] DbFile:41 - Overriding database path with different value: C:\Users\ematric\.stmcufinder\plugins\mcufinder/ => C:\Users\ematric\.stmcufinder\plugins\mcufinder
2024-09-22 14:37:53,840 [WARN] DbFile:41 - Overriding database path with different value: C:\Users\ematric\.stmcufinder\plugins\mcufinder/ => C:\Users\ematric\.stmcufinder\plugins\mcufinder
2024-09-22 14:37:53,840 [INFO] CrossReferenceDbSqlite:203 - Set database path to: C:\Users\ematric\.stmcufinder\plugins\mcufinder//mcu/cs/
2024-09-22 14:37:53,909 [INFO] MainPanel:264 - HeapMemory: 268435456
2024-09-22 14:37:53,987 [INFO] DbMcusXml:78 - Set database path to: C:\ST\STM32CubeIDE_1.14.0\STM32CubeIDE\plugins\com.st.stm32cube.common.mx_6.10.0.202311202037\\db\/mcu/
2024-09-22 14:37:53,987 [INFO] ApiDb:274 - Set plugin database path to: C:\ST\STM32CubeIDE_1.14.0\STM32CubeIDE\plugins\com.st.stm32cube.common.mx_6.10.0.202311202037\\db\/plugins/boardmanager/
2024-09-22 14:37:53,987 [INFO] ApiDb:261 - Set plugin images path to: C:\ST\STM32CubeIDE_1.14.0\STM32CubeIDE\plugins\com.st.stm32cube.common.mx_6.10.0.202311202037\\db\/plugins/mcufinder/images/
2024-09-22 14:37:53,987 [WARN] DbFile:41 - Overriding database path with different value: C:\Users\ematric\.stmcufinder\plugins\mcufinder/ => C:\Users\ematric\.stmcufinder\plugins\mcufinder
2024-09-22 14:37:53,987 [INFO] ApiDb:250 - Set database path to: C:\Users\ematric\.stmcufinder\plugins\mcufinder//mcu/
2024-09-22 14:37:53,987 [WARN] DbFile:41 - Overriding database path with different value: C:\Users\ematric\.stmcufinder\plugins\mcufinder/ => C:\Users\ematric\.stmcufinder\plugins\mcufinder
2024-09-22 14:37:53,987 [INFO] DbMcusAds:125 - Set database path to: C:\Users\ematric\.stmcufinder\plugins\mcufinder//mcu/
2024-09-22 14:37:53,987 [WARN] DbFile:41 - Overriding database path with different value: C:\Users\ematric\.stmcufinder\plugins\mcufinder/ => C:\Users\ematric\.stmcufinder\plugins\mcufinder
2024-09-22 14:37:53,988 [WARN] DbFile:41 - Overriding database path with different value: C:\Users\ematric\.stmcufinder\plugins\mcufinder/ => C:\Users\ematric\.stmcufinder\plugins\mcufinder
2024-09-22 14:37:53,988 [INFO] CrossReferenceDbSqlite:203 - Set database path to: C:\Users\ematric\.stmcufinder\plugins\mcufinder//mcu/cs/
2024-09-22 14:37:54,005 [INFO] ApplicationProperties:184 - Using Application install path: C:\ST\STM32CubeIDE_1.14.0\STM32CubeIDE\plugins\com.st.stm32cube.common.mx_6.10.0.202311202037
2024-09-22 14:37:54,006 [INFO] PluginManage:196 - Search for loadable plugins [exclusion list=, ]
2024-09-22 14:37:54,008 [INFO] PluginManage:310 - Check plugin analytics
2024-09-22 14:37:54,188 [INFO] AnalyticsPlugin:253 - Accepted Software Licenses: STM32CubeMX.6.12.1
2024-09-22 14:37:54,188 [INFO] AnalyticsPlugin:255 - Accepted CMSIS Pack Licenses: 
2024-09-22 14:37:54,188 [INFO] AnalyticsPlugin:257 - Accepted Firmware Licenses: 
2024-09-22 14:37:54,190 [INFO] PluginManage:359 - Loaded plugin analytics (category:tool,tabindex:-1)
2024-09-22 14:37:54,191 [INFO] PluginManage:310 - Check plugin cadmodel
2024-09-22 14:37:54,197 [INFO] CADModel:105 - Init CAD model plugin
2024-09-22 14:37:54,197 [INFO] PluginManage:359 - Loaded plugin cadmodel (category:power,tabindex:5)
2024-09-22 14:37:54,197 [INFO] PluginManage:310 - Check plugin clock
2024-09-22 14:37:54,208 [INFO] PluginManage:359 - Loaded plugin clock (category:base,tabindex:2)
2024-09-22 14:37:54,208 [INFO] PluginManage:310 - Check plugin ddr
2024-09-22 14:37:54,210 [INFO] PluginManage:359 - Loaded plugin ddr (category:tool,tabindex:6)
2024-09-22 14:37:54,211 [INFO] PluginManage:310 - Check plugin filemanager
2024-09-22 14:37:54,330 [INFO] PluginManage:359 - Loaded plugin filemanager (category:base,tabindex:10)
2024-09-22 14:37:54,330 [INFO] PluginManage:310 - Check plugin ipmanager
2024-09-22 14:37:54,336 [INFO] PluginManage:359 - Loaded plugin ipmanager (category:base,tabindex:5)
2024-09-22 14:37:54,336 [INFO] PluginManage:310 - Check plugin lpbam
2024-09-22 14:37:54,343 [INFO] PluginManage:359 - Loaded plugin lpbam (category:base,tabindex:0)
2024-09-22 14:37:54,343 [INFO] PluginManage:310 - Check plugin memorymap
2024-09-22 14:37:54,356 [INFO] PluginManage:359 - Loaded plugin memorymap (category:base,tabindex:4)
2024-09-22 14:37:54,357 [INFO] PluginManage:310 - Check plugin pinoutandconfiguration
2024-09-22 14:37:54,363 [INFO] PluginManage:359 - Loaded plugin pinoutandconfiguration (category:base,tabindex:1)
2024-09-22 14:37:54,364 [INFO] PluginManage:310 - Check plugin pinoutconfig
2024-09-22 14:37:54,436 [WARN] SupportedApi:132 - Cannot load RTOS API schema: s4s-elt-must-match.1: The content of 'definitions' must match (annotation?, (simpleType | complexType)?, (unique | key | keyref)*)). A problem was found starting at: attribute.
2024-09-22 14:37:54,534 [INFO] PluginManage:359 - Loaded plugin pinoutconfig (category:base,tabindex:0)
2024-09-22 14:37:54,534 [INFO] PluginManage:310 - Check plugin power
2024-09-22 14:37:54,544 [INFO] PluginManage:359 - Loaded plugin power (category:power,tabindex:4)
2024-09-22 14:37:54,544 [INFO] PluginManage:310 - Check plugin projectmanager
2024-09-22 14:37:54,556 [INFO] PluginManage:359 - Loaded plugin projectmanager (category:projectmanager,tabindex:3)
2024-09-22 14:37:54,556 [INFO] PluginManage:310 - Check plugin thirdparty
2024-09-22 14:37:54,685 [INFO] PluginManage:359 - Loaded plugin thirdparty (category:base,tabindex:-1)
2024-09-22 14:37:54,685 [WARN] IntegrityCheckThread:84 - waiting for thirdparty lock release [integrity check]
2024-09-22 14:37:54,686 [INFO] PluginManage:310 - Check plugin tools
2024-09-22 14:37:54,686 [INFO] IntegrityCheckThread:86 - entering critical section [integrity check]
2024-09-22 14:37:54,686 [INFO] ThirdPartyUpdaterWithRetryManager:70 - Updater plugin not ready yet. [1/15]
2024-09-22 14:37:54,689 [INFO] PluginManage:359 - Loaded plugin tools (category:base,tabindex:7)
2024-09-22 14:37:54,689 [INFO] PluginManage:310 - Check plugin tutovideos
2024-09-22 14:37:54,841 [INFO] PluginManage:359 - Loaded plugin tutovideos (category:base,tabindex:-1)
2024-09-22 14:37:54,841 [INFO] PluginManage:310 - Check plugin updater
2024-09-22 14:37:54,851 [INFO] PluginManage:359 - Loaded plugin updater (category:base,tabindex:12)
2024-09-22 14:37:54,851 [INFO] PluginManage:310 - Check plugin userauth
2024-09-22 14:37:54,856 [INFO] UserAuth:114 - Init User Auth plugin
2024-09-22 14:37:54,856 [INFO] PluginManage:359 - Loaded plugin userauth (category:base,tabindex:14)
2024-09-22 14:37:54,856 [INFO] PluginManage:283 - PluginManage : Loaded plugins [17]
2024-09-22 14:37:55,042 [INFO] PinOutPanel:1499 - setPackage(No Configuration,No Configuration)
2024-09-22 14:37:55,109 [INFO] CADModel:165 - CPN selected for project level
2024-09-22 14:37:55,109 [INFO] CADModel:114 - Register for checkConnection events
2024-09-22 14:37:55,124 [INFO] IPUIPlugin:80 - create IPUIPlugin
2024-09-22 14:37:55,125 [INFO] PluginManager:220 - loadIPPluginJar : add adc
2024-09-22 14:37:55,127 [INFO] IPUIPlugin:80 - create IPUIPlugin
2024-09-22 14:37:55,128 [INFO] PluginManager:220 - loadIPPluginJar : add aes
2024-09-22 14:37:55,131 [INFO] IPUIPlugin:80 - create IPUIPlugin
2024-09-22 14:37:55,131 [INFO] PluginManager:220 - loadIPPluginJar : add can
2024-09-22 14:37:55,133 [INFO] IPUIPlugin:80 - create IPUIPlugin
2024-09-22 14:37:55,133 [INFO] PluginManager:220 - loadIPPluginJar : add comp
2024-09-22 14:37:55,135 [INFO] IPUIPlugin:80 - create IPUIPlugin
2024-09-22 14:37:55,135 [INFO] PluginManager:220 - loadIPPluginJar : add cryp
2024-09-22 14:37:55,137 [INFO] IPUIPlugin:80 - create IPUIPlugin
2024-09-22 14:37:55,138 [INFO] PluginManager:220 - loadIPPluginJar : add dfsdm
2024-09-22 14:37:55,143 [INFO] IPUIPlugin:80 - create IPUIPlugin
2024-09-22 14:37:55,144 [INFO] PluginManager:220 - loadIPPluginJar : add dma
2024-09-22 14:37:55,147 [INFO] IPUIPlugin:80 - create IPUIPlugin
2024-09-22 14:37:55,147 [INFO] PluginManager:220 - loadIPPluginJar : add dma3
2024-09-22 14:37:55,149 [INFO] IPUIPlugin:80 - create IPUIPlugin
2024-09-22 14:37:55,149 [INFO] PluginManager:220 - loadIPPluginJar : add fatfs
2024-09-22 14:37:55,153 [INFO] IPUIPlugin:80 - create IPUIPlugin
2024-09-22 14:37:55,153 [INFO] PluginManager:220 - loadIPPluginJar : add fmc
2024-09-22 14:37:55,158 [INFO] IPUIPlugin:80 - create IPUIPlugin
2024-09-22 14:37:55,158 [INFO] PluginManager:220 - loadIPPluginJar : add freertos
2024-09-22 14:37:55,160 [INFO] IPUIPlugin:80 - create IPUIPlugin
2024-09-22 14:37:55,160 [INFO] PluginManager:220 - loadIPPluginJar : add genericplugin
2024-09-22 14:37:55,164 [INFO] IPUIPlugin:80 - create IPUIPlugin
2024-09-22 14:37:55,164 [INFO] PluginManager:220 - loadIPPluginJar : add gfxmmu
2024-09-22 14:37:55,170 [INFO] IPUIPlugin:80 - create IPUIPlugin
2024-09-22 14:37:55,170 [INFO] PluginManager:220 - loadIPPluginJar : add gic
2024-09-22 14:37:55,174 [INFO] IPUIPlugin:80 - create IPUIPlugin
2024-09-22 14:37:55,174 [INFO] PluginManager:220 - loadIPPluginJar : add gpio
2024-09-22 14:37:55,176 [INFO] IPUIPlugin:80 - create IPUIPlugin
2024-09-22 14:37:55,177 [INFO] PluginManager:220 - loadIPPluginJar : add gtzc
2024-09-22 14:37:55,179 [INFO] IPUIPlugin:80 - create IPUIPlugin
2024-09-22 14:37:55,179 [INFO] PluginManager:220 - loadIPPluginJar : add hash
2024-09-22 14:37:55,182 [INFO] IPUIPlugin:80 - create IPUIPlugin
2024-09-22 14:37:55,182 [INFO] PluginManager:220 - loadIPPluginJar : add i2c
2024-09-22 14:37:55,184 [INFO] IPUIPlugin:80 - create IPUIPlugin
2024-09-22 14:37:55,184 [INFO] PluginManager:220 - loadIPPluginJar : add i2s
2024-09-22 14:37:55,187 [INFO] IPUIPlugin:80 - create IPUIPlugin
2024-09-22 14:37:55,187 [INFO] PluginManager:220 - loadIPPluginJar : add i3c
2024-09-22 14:37:55,189 [INFO] IPUIPlugin:80 - create IPUIPlugin
2024-09-22 14:37:55,189 [INFO] PluginManager:220 - loadIPPluginJar : add ipddr
2024-09-22 14:37:55,195 [INFO] IPUIPlugin:80 - create IPUIPlugin
2024-09-22 14:37:55,195 [INFO] PluginManager:220 - loadIPPluginJar : add linkedlist
2024-09-22 14:37:55,199 [INFO] IPUIPlugin:80 - create IPUIPlugin
2024-09-22 14:37:55,199 [INFO] PluginManager:220 - loadIPPluginJar : add lorawan
2024-09-22 14:37:55,201 [INFO] IPUIPlugin:80 - create IPUIPlugin
2024-09-22 14:37:55,201 [INFO] PluginManager:220 - loadIPPluginJar : add ltdc
2024-09-22 14:37:55,206 [INFO] IPUIPlugin:80 - create IPUIPlugin
2024-09-22 14:37:55,206 [INFO] PluginManager:220 - loadIPPluginJar : add mdma
2024-09-22 14:37:55,210 [INFO] IPUIPlugin:80 - create IPUIPlugin
2024-09-22 14:37:55,210 [INFO] PluginManager:220 - loadIPPluginJar : add nvic
2024-09-22 14:37:55,213 [INFO] IPUIPlugin:80 - create IPUIPlugin
2024-09-22 14:37:55,213 [INFO] PluginManager:220 - loadIPPluginJar : add opamp
2024-09-22 14:37:55,217 [INFO] IPUIPlugin:80 - create IPUIPlugin
2024-09-22 14:37:55,217 [INFO] PluginManager:220 - loadIPPluginJar : add openamp
2024-09-22 14:37:55,219 [INFO] IPUIPlugin:80 - create IPUIPlugin
2024-09-22 14:37:55,219 [INFO] PluginManager:220 - loadIPPluginJar : add pdm2pcm
2024-09-22 14:37:55,225 [INFO] IPUIPlugin:80 - create IPUIPlugin
2024-09-22 14:37:55,227 [INFO] PluginManager:220 - loadIPPluginJar : add plateformsettings
2024-09-22 14:37:55,230 [INFO] IPUIPlugin:80 - create IPUIPlugin
2024-09-22 14:37:55,230 [INFO] PluginManager:220 - loadIPPluginJar : add quadspi
2024-09-22 14:37:55,233 [INFO] IPUIPlugin:80 - create IPUIPlugin
2024-09-22 14:37:55,233 [INFO] PluginManager:220 - loadIPPluginJar : add resmgrutility
2024-09-22 14:37:55,237 [INFO] IPUIPlugin:80 - create IPUIPlugin
2024-09-22 14:37:55,237 [INFO] PluginManager:220 - loadIPPluginJar : add sai
2024-09-22 14:37:55,239 [INFO] IPUIPlugin:80 - create IPUIPlugin
2024-09-22 14:37:55,239 [INFO] PluginManager:220 - loadIPPluginJar : add spi
2024-09-22 14:37:55,243 [INFO] IPUIPlugin:80 - create IPUIPlugin
2024-09-22 14:37:55,244 [INFO] PluginManager:220 - loadIPPluginJar : add stm32_wpan
2024-09-22 14:37:55,246 [INFO] IPUIPlugin:80 - create IPUIPlugin
2024-09-22 14:37:55,246 [INFO] PluginManager:220 - loadIPPluginJar : add tim
2024-09-22 14:37:55,249 [INFO] IPUIPlugin:80 - create IPUIPlugin
2024-09-22 14:37:55,249 [INFO] PluginManager:220 - loadIPPluginJar : add touchsensing
2024-09-22 14:37:55,251 [INFO] IPUIPlugin:80 - create IPUIPlugin
2024-09-22 14:37:55,251 [INFO] PluginManager:220 - loadIPPluginJar : add tracer_emb
2024-09-22 14:37:55,254 [INFO] IPUIPlugin:80 - create IPUIPlugin
2024-09-22 14:37:55,254 [INFO] PluginManager:220 - loadIPPluginJar : add ts
2024-09-22 14:37:55,255 [INFO] IPUIPlugin:80 - create IPUIPlugin
2024-09-22 14:37:55,255 [INFO] PluginManager:220 - loadIPPluginJar : add tsc
2024-09-22 14:37:55,260 [INFO] IPUIPlugin:80 - create IPUIPlugin
2024-09-22 14:37:55,260 [INFO] PluginManager:220 - loadIPPluginJar : add ucpd
2024-09-22 14:37:55,263 [INFO] IPUIPlugin:80 - create IPUIPlugin
2024-09-22 14:37:55,263 [INFO] PluginManager:220 - loadIPPluginJar : add usart
2024-09-22 14:37:55,267 [INFO] IPUIPlugin:80 - create IPUIPlugin
2024-09-22 14:37:55,267 [INFO] PluginManager:220 - loadIPPluginJar : add usbx
2024-09-22 14:37:55,388 [INFO] CADModel:165 - CPN selected for project level
2024-09-22 14:37:55,388 [INFO] CADModel:114 - Register for checkConnection events
2024-09-22 14:37:55,388 [FATAL] Updater:308 - Updater called before beeing initialized
2024-09-22 14:37:55,388 [ERROR] CADModel:125 - Updater not yet initialized, retry later 
2024-09-22 14:37:55,494 [INFO] CADModel:165 - CPN selected for project level
2024-09-22 14:37:55,494 [INFO] CADModel:114 - Register for checkConnection events
2024-09-22 14:37:55,494 [FATAL] Updater:308 - Updater called before beeing initialized
2024-09-22 14:37:55,494 [ERROR] CADModel:125 - Updater not yet initialized, retry later 
2024-09-22 14:37:55,497 [FATAL] Updater:308 - Updater called before beeing initialized
2024-09-22 14:37:55,578 [FATAL] Updater:308 - Updater called before beeing initialized
2024-09-22 14:37:55,583 [INFO] DbMcusAds:53 - JSON generation date=Fri Sep 20 15:04:23 CEST 2024 (1726837463121)
2024-09-22 14:37:55,583 [FATAL] Updater:308 - Updater called before beeing initialized
2024-09-22 14:37:55,622 [WARN] DetailPanel:346 - Failed to get advertising image, set to default
2024-09-22 14:37:55,727 [FATAL] Updater:308 - Updater called before beeing initialized
2024-09-22 14:37:55,729 [FATAL] Updater:308 - Updater called before beeing initialized
2024-09-22 14:37:55,729 [FATAL] Updater:308 - Updater called before beeing initialized
2024-09-22 14:37:55,729 [WARN] DetailPanel:346 - Failed to get advertising image, set to default
2024-09-22 14:37:55,729 [FATAL] Updater:308 - Updater called before beeing initialized
2024-09-22 14:37:55,764 [ERROR] Updater:1120 - MainUpdater not yet initialized. External WinMGr cannot be set.
2024-09-22 14:37:55,767 [INFO] Updater:1056 - Updater Version found : 6.10.0
2024-09-22 14:37:55,783 [INFO] ApplicationProperties:184 - Using Application install path: C:\ST\STM32CubeIDE_1.14.0\STM32CubeIDE\plugins\com.st.stm32cube.common.mx_6.10.0.202311202037
2024-09-22 14:37:57,355 [ERROR] LogOutputStream:75 - [STDERR_REDIRECT] Sep 22, 2024 2:37:57 PM java.util.prefs.WindowsPreferences <init>
2024-09-22 14:37:57,355 [ERROR] LogOutputStream:75 - [STDERR_REDIRECT] WARNING: Could not open/create prefs root node Software\JavaSoft\Prefs at root 0xffffffff80000002. Windows RegCreateKeyEx(...) returned error code 5.
2024-09-22 14:37:57,355 [ERROR] LogOutputStream:75 - [STDERR_REDIRECT] 
2024-09-22 14:37:57,377 [INFO] MainUpdater:526 - Copy updater definitions from MX database
2024-09-22 14:37:57,688 [INFO] ThirdPartyUpdaterWithRetryManager:70 - Updater plugin not ready yet. [2/15]
2024-09-22 14:37:57,688 [INFO] MainUpdater:2873 - connection check result : 10
2024-09-22 14:37:57,689 [INFO] MainUpdater:3567 - Updater definition file requires update
2024-09-22 14:37:57,689 [INFO] MainUpdater:290 - Updater Check For Update Now.
2024-09-22 14:37:57,689 [INFO] MicroXplorer:498 - Change Database Version : DB.6.0.100
2024-09-22 14:37:57,694 [INFO] McuFinderGlobals:63 - Set McuFinder mode to 2 (CubeIDE integrated)
2024-09-22 14:37:57,700 [INFO] UserAuth:404 - Internet connection configuration mode: 1
2024-09-22 14:37:57,713 [INFO] JxBrowserEngine:152 - Initiate JxBrowser Engine with user profile folder
2024-09-22 14:37:57,835 [INFO] ServerAccessManage:473 - Download File updaters.zip
2024-09-22 14:37:57,949 [INFO] FileExtend:240 - Unzip File : updaters.zip
2024-09-22 14:37:57,949 [INFO] FileExtend:255 - Standard Zip Deflate
2024-09-22 14:37:58,182 [INFO] ServerAccessManage:473 - Download File PacksControlFlags.xml
2024-09-22 14:37:58,265 [INFO] ServerAccessManage:473 - Download File cubemx.pidx
2024-09-22 14:37:58,345 [INFO] LoadServerUpdatesThread:375 - End of LoadServerUpdate Thread
2024-09-22 14:37:58,516 [INFO] CheckServerUpdateThread:120 - End of CheckServer Thread
2024-09-22 14:37:58,679 [INFO] WebApp:161 - Instantiating new browser for Auth
2024-09-22 14:37:59,160 [INFO] WebApp:780 - Register for checkConnection events
2024-09-22 14:37:59,160 [INFO] WebApp:414 - Apply proxy settings
2024-09-22 14:37:59,160 [INFO] WebApp:499 - Chromium requires no authentication
2024-09-22 14:37:59,166 [INFO] WebApp:442 - Direct internet connection detected
2024-09-22 14:37:59,287 [INFO] WebApp:192 - Starting web application
2024-09-22 14:37:59,287 [INFO] WebApp:544 - Web application path used C:\ST\STM32CubeIDE_1.14.0\STM32CubeIDE\plugins\com.st.stm32cube.common.mx_6.10.0.202311202037\db\plugins\mcufinder\reactClient1\index.html
2024-09-22 14:38:00,797 [WARN] PackLoader:240 - Cannot read IP mode file for STMicroelectronics.FP-SNS-MOTENVWB1.1.4.0
2024-09-22 14:38:00,805 [WARN] PackLoader:240 - Cannot read IP mode file for STMicroelectronics.X-CUBE-SMBUS.2.1.0
2024-09-22 14:38:00,809 [WARN] PackLoader:240 - Cannot read IP mode file for STMicroelectronics.X-CUBE-TOUCHGFX.4.23.0
2024-09-22 14:38:00,826 [WARN] PackLoader:240 - Cannot read IP mode file for STMicroelectronics.X-CUBE-AZRTOS-F7.1.1.0
2024-09-22 14:38:00,833 [WARN] PackLoader:240 - Cannot read IP mode file for STMicroelectronics.FP-SNS-MOTENV1.4.3.2
2024-09-22 14:38:00,870 [WARN] PackLoader:240 - Cannot read IP mode file for STMicroelectronics.X-CUBE-MEMS1.11.0.0
2024-09-22 14:38:00,959 [WARN] PackLoader:240 - Cannot read IP mode file for STMicroelectronics.FP-SNS-FLIGHT1.5.0.2
2024-09-22 14:38:00,965 [WARN] PackLoader:240 - Cannot read IP mode file for STMicroelectronics.X-CUBE-DISPLAY.3.0.0
2024-09-22 14:38:00,972 [WARN] PackLoader:240 - Cannot read IP mode file for STMicroelectronics.X-CUBE-BLE1.7.0.0
2024-09-22 14:38:00,977 [WARN] PackLoader:240 - Cannot read IP mode file for emotas.I-CUBE-CANOPEN.1.3.0
2024-09-22 14:38:00,983 [WARN] PackLoader:240 - Cannot read IP mode file for STMicroelectronics.X-CUBE-BLEMGR.3.1.0
2024-09-22 14:38:00,988 [WARN] PackLoader:240 - Cannot read IP mode file for STMicroelectronics.FP-SNS-SMARTAG2.1.2.0
2024-09-22 14:38:00,995 [INFO] LogOutputStream:77 - [STDOUT_REDIRECT] 1 : Invalid condition id : UX_CORESTACK_Condition cause : null
2024-09-22 14:38:00,996 [INFO] LogOutputStream:77 - [STDOUT_REDIRECT] 1 : Invalid condition id : UX_CORESTACK_Condition cause : null
2024-09-22 14:38:00,998 [INFO] LogOutputStream:77 - [STDOUT_REDIRECT] 1 : Invalid condition id : UX_CORESTACK_Condition cause : null
2024-09-22 14:38:00,999 [INFO] LogOutputStream:77 - [STDOUT_REDIRECT] 1 : Invalid condition id : UX_CORESTACK_Condition cause : null
2024-09-22 14:38:01,001 [INFO] LogOutputStream:77 - [STDOUT_REDIRECT] 1 : Invalid condition id : UX_CORESTACK_Condition cause : null
2024-09-22 14:38:01,005 [WARN] PackLoader:240 - Cannot read IP mode file for STMicroelectronics.X-CUBE-AZRTOS-WL.2.0.0
2024-09-22 14:38:01,009 [WARN] PackLoader:240 - Cannot read IP mode file for STMicroelectronics.FP-SNS-MOTENV1.5.0.0
2024-09-22 14:38:01,014 [WARN] PackLoader:240 - Cannot read IP mode file for wolfSSL.I-CUBE-wolfMQTT.1.19.0
2024-09-22 14:38:01,022 [WARN] PackLoader:240 - Cannot read IP mode file for WES.I-CUBE-Cesium.1.3.0
2024-09-22 14:38:01,025 [WARN] PackLoader:240 - Cannot read IP mode file for STMicroelectronics.X-CUBE-BLE2.3.3.0
2024-09-22 14:38:01,030 [WARN] PackLoader:240 - Cannot read IP mode file for STMicroelectronics.X-CUBE-TCPP.4.1.0
2024-09-22 14:38:01,035 [WARN] PackLoader:240 - Cannot read IP mode file for STMicroelectronics.X-CUBE-ALGOBUILD.1.3.0
2024-09-22 14:38:01,046 [WARN] PackLoader:240 - Cannot read IP mode file for STMicroelectronics.X-CUBE-AZRTOS-G0.1.1.0
2024-09-22 14:38:01,053 [WARN] PackLoader:240 - Cannot read IP mode file for STMicroelectronics.X-CUBE-SAFEA1.1.2.2
2024-09-22 14:38:01,057 [WARN] PackLoader:240 - Cannot read IP mode file for STMicroelectronics.X-CUBE-NFC4.3.0.0
2024-09-22 14:38:01,068 [WARN] PackLoader:240 - Cannot read IP mode file for EmbeddedOffice.I-CUBE-FS-RTOS.1.0.1
2024-09-22 14:38:01,068 [ERROR] ConditionMgr:805 - Attr not supported : Dmpu
2024-09-22 14:38:01,068 [ERROR] ConditionMgr:805 - Attr not supported : Dmpu
2024-09-22 14:38:01,068 [ERROR] ConditionMgr:805 - Attr not supported : Dmpu
2024-09-22 14:38:01,068 [ERROR] ConditionMgr:805 - Attr not supported : Dmpu
2024-09-22 14:38:01,068 [ERROR] ConditionMgr:805 - Attr not supported : Dmpu
2024-09-22 14:38:01,068 [ERROR] ConditionMgr:805 - Attr not supported : Dmpu
2024-09-22 14:38:01,068 [ERROR] ConditionMgr:805 - Attr not supported : Dmpu
2024-09-22 14:38:01,068 [ERROR] ConditionMgr:805 - Attr not supported : Dmpu
2024-09-22 14:38:01,068 [ERROR] ConditionMgr:805 - Attr not supported : Dmpu
2024-09-22 14:38:01,068 [ERROR] ConditionMgr:805 - Attr not supported : Dmpu
2024-09-22 14:38:01,068 [ERROR] ConditionMgr:805 - Attr not supported : Dmpu
2024-09-22 14:38:01,069 [ERROR] ConditionMgr:805 - Attr not supported : Dmpu
2024-09-22 14:38:01,069 [ERROR] ConditionMgr:805 - Attr not supported : Dmpu
2024-09-22 14:38:01,069 [ERROR] ConditionMgr:805 - Attr not supported : Dmpu
2024-09-22 14:38:01,069 [ERROR] ConditionMgr:805 - Attr not supported : Dmpu
2024-09-22 14:38:01,069 [ERROR] ConditionMgr:805 - Attr not supported : Dmpu
2024-09-22 14:38:01,069 [ERROR] ConditionMgr:805 - Attr not supported : Dmpu
2024-09-22 14:38:01,069 [ERROR] ConditionMgr:805 - Attr not supported : Dmpu
2024-09-22 14:38:01,069 [ERROR] ConditionMgr:805 - Attr not supported : Dmpu
2024-09-22 14:38:01,069 [ERROR] ConditionMgr:805 - Attr not supported : Dmpu
2024-09-22 14:38:01,069 [ERROR] ConditionMgr:805 - Attr not supported : Dmpu
2024-09-22 14:38:01,069 [ERROR] ConditionMgr:805 - Attr not supported : Dmpu
2024-09-22 14:38:01,069 [ERROR] ConditionMgr:805 - Attr not supported : Dmpu
2024-09-22 14:38:01,069 [ERROR] ConditionMgr:805 - Attr not supported : Dmpu
2024-09-22 14:38:01,069 [ERROR] ConditionMgr:805 - Attr not supported : Dmpu
2024-09-22 14:38:01,069 [ERROR] ConditionMgr:805 - Attr not supported : Dmpu
2024-09-22 14:38:01,069 [ERROR] ConditionMgr:805 - Attr not supported : Dmpu
2024-09-22 14:38:01,069 [ERROR] ConditionMgr:805 - Attr not supported : Dmpu
2024-09-22 14:38:01,069 [ERROR] ConditionMgr:805 - Attr not supported : Dmpu
2024-09-22 14:38:01,069 [ERROR] ConditionMgr:805 - Attr not supported : Dmpu
2024-09-22 14:38:01,070 [ERROR] ConditionMgr:805 - Attr not supported : Dmpu
2024-09-22 14:38:01,070 [ERROR] ConditionMgr:805 - Attr not supported : Dmpu
2024-09-22 14:38:01,070 [ERROR] ConditionMgr:805 - Attr not supported : Dmpu
2024-09-22 14:38:01,070 [ERROR] ConditionMgr:805 - Attr not supported : Dmpu
2024-09-22 14:38:01,070 [ERROR] ConditionMgr:805 - Attr not supported : Dmpu
2024-09-22 14:38:01,070 [ERROR] ConditionMgr:805 - Attr not supported : Dmpu
2024-09-22 14:38:01,070 [ERROR] ConditionMgr:805 - Attr not supported : Dmpu
2024-09-22 14:38:01,070 [ERROR] ConditionMgr:805 - Attr not supported : Dmpu
2024-09-22 14:38:01,070 [ERROR] ConditionMgr:805 - Attr not supported : Dmpu
2024-09-22 14:38:01,070 [ERROR] ConditionMgr:805 - Attr not supported : Dmpu
2024-09-22 14:38:01,070 [ERROR] ConditionMgr:805 - Attr not supported : Dmpu
2024-09-22 14:38:01,070 [ERROR] ConditionMgr:805 - Attr not supported : Dmpu
2024-09-22 14:38:01,070 [ERROR] ConditionMgr:805 - Attr not supported : Dmpu
2024-09-22 14:38:01,070 [ERROR] ConditionMgr:805 - Attr not supported : Dmpu
2024-09-22 14:38:01,070 [ERROR] ConditionMgr:805 - Attr not supported : Dmpu
2024-09-22 14:38:01,070 [ERROR] ConditionMgr:805 - Attr not supported : Dmpu
2024-09-22 14:38:01,070 [ERROR] ConditionMgr:805 - Attr not supported : Dmpu
2024-09-22 14:38:01,071 [ERROR] ConditionMgr:805 - Attr not supported : Dmpu
2024-09-22 14:38:01,071 [ERROR] ConditionMgr:805 - Attr not supported : Dmpu
2024-09-22 14:38:01,071 [ERROR] ConditionMgr:805 - Attr not supported : Dmpu
2024-09-22 14:38:01,071 [ERROR] ConditionMgr:805 - Attr not supported : Dmpu
2024-09-22 14:38:01,071 [ERROR] ConditionMgr:805 - Attr not supported : Dmpu
2024-09-22 14:38:01,071 [ERROR] ConditionMgr:805 - Attr not supported : Dmpu
2024-09-22 14:38:01,071 [ERROR] ConditionMgr:805 - Attr not supported : Dmpu
2024-09-22 14:38:01,071 [ERROR] ConditionMgr:805 - Attr not supported : Dmpu
2024-09-22 14:38:01,071 [ERROR] ConditionMgr:805 - Attr not supported : Dmpu
2024-09-22 14:38:01,071 [ERROR] ConditionMgr:805 - Attr not supported : Dmpu
2024-09-22 14:38:01,071 [ERROR] ConditionMgr:805 - Attr not supported : Dmpu
2024-09-22 14:38:01,071 [ERROR] ConditionMgr:805 - Attr not supported : Dmpu
2024-09-22 14:38:01,071 [ERROR] ConditionMgr:805 - Attr not supported : Dmpu
2024-09-22 14:38:01,071 [ERROR] ConditionMgr:805 - Attr not supported : Dmpu
2024-09-22 14:38:01,071 [ERROR] ConditionMgr:805 - Attr not supported : Dmpu
2024-09-22 14:38:01,071 [ERROR] ConditionMgr:805 - Attr not supported : Dmpu
2024-09-22 14:38:01,071 [ERROR] ConditionMgr:805 - Attr not supported : Dmpu
2024-09-22 14:38:01,077 [WARN] PackLoader:240 - Cannot read IP mode file for STMicroelectronics.X-CUBE-BLEMGR.3.0.0
2024-09-22 14:38:01,084 [WARN] PackLoader:240 - Cannot read IP mode file for RealThread.X-CUBE-RT-Thread_Nano.4.1.1
2024-09-22 14:38:01,088 [WARN] PackLoader:240 - Cannot read IP mode file for STMicroelectronics.FP-ATR-SIGFOX1.3.2.0
2024-09-22 14:38:01,092 [WARN] PackLoader:240 - Cannot read IP mode file for STMicroelectronics.X-CUBE-EEPRMA1.5.1.0
2024-09-22 14:38:01,117 [WARN] PackLoader:240 - Cannot read IP mode file for SEGGER.I-CUBE-embOS.1.3.1
2024-09-22 14:38:01,147 [WARN] PackLoader:240 - Cannot read IP mode file for STMicroelectronics.X-CUBE-ALGOBUILD.1.4.0
2024-09-22 14:38:01,152 [WARN] PackLoader:240 - Cannot read IP mode file for STMicroelectronics.X-CUBE-GNSS1.6.0.0
2024-09-22 14:38:01,165 [WARN] PackLoader:240 - Cannot read IP mode file for STMicroelectronics.X-CUBE-AZRTOS-F4.1.1.0
2024-09-22 14:38:01,171 [WARN] PackLoader:240 - Cannot read IP mode file for STMicroelectronics.X-CUBE-ISPU.2.1.0
2024-09-22 14:38:01,175 [WARN] PackLoader:240 - Cannot read IP mode file for STMicroelectronics.X-CUBE-FREERTOS.1.2.0
2024-09-22 14:38:01,180 [WARN] PackLoader:240 - Cannot read IP mode file for wolfSSL.I-CUBE-wolfSSL.5.6.6
2024-09-22 14:38:01,192 [WARN] PackLoader:240 - Cannot read IP mode file for STMicroelectronics.X-CUBE-AZRTOS-L5.2.0.0
2024-09-22 14:38:01,198 [WARN] PackLoader:240 - Cannot read IP mode file for STMicroelectronics.X-CUBE-EEPRMA1.4.2.0
2024-09-22 14:38:01,205 [WARN] PackLoader:240 - Cannot read IP mode file for STMicroelectronics.X-CUBE-NFC6.3.1.0
2024-09-22 14:38:01,210 [WARN] PackLoader:240 - Cannot read IP mode file for ITTIA_DB.I-CUBE-ITTIADB.8.8.0
2024-09-22 14:38:01,214 [WARN] PackLoader:240 - Cannot read IP mode file for STMicroelectronics.X-CUBE-DPower.1.2.0
2024-09-22 14:38:01,218 [WARN] PackLoader:240 - Cannot read IP mode file for STMicroelectronics.X-CUBE-AI.9.0.0
2024-09-22 14:38:01,222 [WARN] PackLoader:240 - Cannot read IP mode file for STMicroelectronics.X-CUBE-NFC7.1.0.1
2024-09-22 14:38:01,227 [WARN] PackLoader:240 - Cannot read IP mode file for STMicroelectronics.X-CUBE-NFC6.3.0.0
2024-09-22 14:38:01,231 [WARN] PackLoader:240 - Cannot read IP mode file for STMicroelectronics.X-CUBE-AI.8.1.0
2024-09-22 14:38:01,243 [WARN] ConditionMgr:438 - getConditionDescription Invalid condition id : LAN8742 Phy interface Condition cause : null
2024-09-22 14:38:01,243 [WARN] PackLoader:240 - Cannot read IP mode file for STMicroelectronics.X-CUBE-AZRTOS-L4.2.0.0
2024-09-22 14:38:01,244 [WARN] ConditionMgr:1039 - genDependencies : Invalid condition id : LAN8742 Phy interface Condition cause : null
2024-09-22 14:38:01,244 [WARN] ConditionMgr:1039 - genDependencies : Invalid condition id : LAN8742 Phy interface Condition cause : null
2024-09-22 14:38:01,244 [WARN] ConditionMgr:1039 - genDependencies : Invalid condition id : LAN8742 Phy interface Condition cause : null
2024-09-22 14:38:01,251 [WARN] PackLoader:240 - Cannot read IP mode file for STMicroelectronics.X-CUBE-SFXS2LP1.4.0.0
2024-09-22 14:38:01,265 [WARN] PackLoader:240 - Cannot read IP mode file for STMicroelectronics.X-CUBE-AZRTOS-H7.3.3.0
2024-09-22 14:38:01,276 [WARN] ConditionMgr:438 - getConditionDescription Invalid condition id : UX DEVICE CLASS RTOS Condition cause : null
2024-09-22 14:38:01,276 [WARN] ConditionMgr:438 - getConditionDescription Invalid condition id : UX DEVICE CLASS RTOS Condition cause : null
2024-09-22 14:38:01,278 [WARN] PackLoader:240 - Cannot read IP mode file for STMicroelectronics.X-CUBE-AZRTOS-WB.2.0.0
2024-09-22 14:38:01,278 [WARN] ConditionMgr:1039 - genDependencies : Invalid condition id : UX DEVICE CLASS RTOS Condition cause : null
2024-09-22 14:38:01,278 [WARN] ConditionMgr:1039 - genDependencies : Invalid condition id : UX DEVICE CLASS RTOS Condition cause : null
2024-09-22 14:38:01,280 [WARN] ConditionMgr:1039 - genDependencies : Invalid condition id : UX DEVICE CLASS RTOS Condition cause : null
2024-09-22 14:38:01,280 [WARN] ConditionMgr:1039 - genDependencies : Invalid condition id : UX DEVICE CLASS RTOS Condition cause : null
2024-09-22 14:38:01,280 [WARN] ConditionMgr:1039 - genDependencies : Invalid condition id : UX DEVICE CLASS RTOS Condition cause : null
2024-09-22 14:38:01,284 [WARN] PackLoader:240 - Cannot read IP mode file for STMicroelectronics.X-CUBE-GNSS1.7.0.0
2024-09-22 14:38:01,288 [WARN] PackLoader:240 - Cannot read IP mode file for STMicroelectronics.FP-SNS-STBOX1.2.0.0
2024-09-22 14:38:01,300 [WARN] PackLoader:240 - Cannot read IP mode file for STMicroelectronics.X-CUBE-SUBG2.5.0.0
2024-09-22 14:38:01,306 [WARN] PackLoader:240 - Cannot read IP mode file for Cesanta.I-CUBE-Mongoose.7.13.0
2024-09-22 14:38:01,315 [WARN] PackLoader:240 - Cannot read IP mode file for STMicroelectronics.X-CUBE-AZRTOS-G4.2.0.0
2024-09-22 14:38:01,323 [WARN] PackLoader:240 - Cannot read IP mode file for Infineon.AIROC-Wi-Fi-Bluetooth-STM32.1.5.1
2024-09-22 14:38:01,330 [WARN] PackLoader:240 - Cannot read IP mode file for STMicroelectronics.FP-SNS-MOTENVWB1.1.3.1
2024-09-22 14:38:01,334 [WARN] PackLoader:240 - Cannot read IP mode file for STMicroelectronics.X-CUBE-ISPU.2.0.0
2024-09-22 14:38:01,338 [WARN] PackLoader:240 - Cannot read IP mode file for STMicroelectronics.X-CUBE-ALS.1.0.2
2024-09-22 14:38:01,361 [WARN] PackLoader:240 - Cannot read IP mode file for STMicroelectronics.X-CUBE-MEMS1.10.0.0
2024-09-22 14:38:01,415 [WARN] PackLoader:240 - Cannot read IP mode file for STMicroelectronics.X-CUBE-FREERTOS.1.1.0
2024-09-22 14:38:01,418 [WARN] PackLoader:240 - Cannot read IP mode file for STMicroelectronics.X-CUBE-TOUCHGFX.4.24.1
2024-09-22 14:38:01,421 [WARN] PackLoader:240 - Cannot read IP mode file for wolfSSL.I-CUBE-wolfTPM.3.4.0
2024-09-22 14:38:01,425 [WARN] PackLoader:240 - Cannot read IP mode file for portGmbH.I-Cube-SoM-uGOAL.1.1.0
2024-09-22 14:38:01,428 [WARN] PackLoader:240 - Cannot read IP mode file for STMicroelectronics.X-CUBE-ALS.1.0.1
2024-09-22 14:38:01,438 [WARN] PackLoader:240 - Cannot read IP mode file for STMicroelectronics.X-CUBE-AZRTOS-H7RS.1.0.0
2024-09-22 14:38:01,442 [WARN] PackLoader:240 - Cannot read IP mode file for STMicroelectronics.FP-ATR-ASTRA1.2.0.0
2024-09-22 14:38:01,448 [WARN] PackLoader:240 - Cannot read IP mode file for STMicroelectronics.X-CUBE-TOF1.3.4.2
2024-09-22 14:38:01,459 [WARN] PackLoader:240 - Cannot read IP mode file for STMicroelectronics.X-CUBE-TOF1.3.4.0
2024-09-22 14:38:01,472 [WARN] PackLoader:240 - Cannot read IP mode file for STMicroelectronics.X-CUBE-AZRTOS-H7.3.2.0
2024-09-22 14:38:01,476 [WARN] PackLoader:240 - Cannot read IP mode file for wolfSSL.I-CUBE-wolfSSH.1.4.17
2024-09-22 14:38:01,478 [INFO] ThirdParty:978 - Integrity check success = true
2024-09-22 14:38:01,478 [INFO] IntegrityCheckThread:100 - exiting critical section [integrity check]
2024-09-22 14:38:01,478 [INFO] IntegrityCheckThread:103 - End integrity checks thread
2024-09-22 14:38:19,928 [ERROR] LogOutputStream:75 - [STDERR_REDIRECT] SLF4J: Failed to load class "org.slf4j.impl.StaticLoggerBinder".
2024-09-22 14:38:19,929 [ERROR] LogOutputStream:75 - [STDERR_REDIRECT] SLF4J: Defaulting to no-operation (NOP) logger implementation
2024-09-22 14:38:19,930 [ERROR] LogOutputStream:75 - [STDERR_REDIRECT] SLF4J: See http://www.slf4j.org/codes.html#StaticLoggerBinder for further details.
2024-09-22 14:40:44,631 [ERROR] LogOutputStream:75 - [STDERR_REDIRECT] 
2024-09-22 14:40:44,632 [ERROR] LogOutputStream:75 - [STDERR_REDIRECT] 
2024-09-22 14:40:52,674 [INFO] Activator:176 - 


2024-09-22 14:40:52,675 [INFO] Activator:177 - !SESSION log4j initialized
2024-09-22 14:41:01,705 [INFO] LogOutputStream:77 - [STDOUT_REDIRECT] 
2024-09-22 14:41:02,199 [INFO] ApplicationProperties:184 - Using Application install path: C:\ST\STM32CubeIDE_1.14.0\STM32CubeIDE\plugins\com.st.stm32cube.common.mx_6.10.0.202311202037
2024-09-22 14:41:02,205 [INFO] DbMcusXml:78 - Set database path to: C:\ST\STM32CubeIDE_1.14.0\STM32CubeIDE\plugins\com.st.stm32cube.common.mx_6.10.0.202311202037\\db\/mcu/
2024-09-22 14:41:02,205 [INFO] ApiDb:274 - Set plugin database path to: C:\ST\STM32CubeIDE_1.14.0\STM32CubeIDE\plugins\com.st.stm32cube.common.mx_6.10.0.202311202037\\db\/plugins/boardmanager/
2024-09-22 14:41:02,206 [WARN] ApiDb:259 - Overriding images path with different value:  => C:\ST\STM32CubeIDE_1.14.0\STM32CubeIDE\plugins\com.st.stm32cube.common.mx_6.10.0.202311202037\\db\/plugins/mcufinder/images/
2024-09-22 14:41:02,210 [INFO] ApiDb:250 - Set database path to: C:\Users\ematric\.stmcufinder\plugins\mcufinder//mcu/
2024-09-22 14:41:02,210 [INFO] DbMcusAds:125 - Set database path to: C:\Users\ematric\.stmcufinder\plugins\mcufinder//mcu/
2024-09-22 14:41:02,212 [INFO] CrossReferenceDbSqlite:203 - Set database path to: C:\Users\ematric\.stmcufinder\plugins\mcufinder//mcu/cs/
2024-09-22 14:41:02,261 [INFO] DbMcusXml:78 - Set database path to: C:\ST\STM32CubeIDE_1.14.0\STM32CubeIDE\plugins\com.st.stm32cube.common.mx_6.10.0.202311202037\\db\/mcu/
2024-09-22 14:41:02,261 [INFO] ApiDb:274 - Set plugin database path to: C:\ST\STM32CubeIDE_1.14.0\STM32CubeIDE\plugins\com.st.stm32cube.common.mx_6.10.0.202311202037\\db\/plugins/boardmanager/
2024-09-22 14:41:02,261 [INFO] ApiDb:261 - Set plugin images path to: C:\ST\STM32CubeIDE_1.14.0\STM32CubeIDE\plugins\com.st.stm32cube.common.mx_6.10.0.202311202037\\db\/plugins/mcufinder/images/
2024-09-22 14:41:02,261 [WARN] DbFile:41 - Overriding database path with different value: C:\Users\ematric\.stmcufinder\plugins\mcufinder/ => C:\Users\ematric\.stmcufinder\plugins\mcufinder
2024-09-22 14:41:02,261 [INFO] ApiDb:250 - Set database path to: C:\Users\ematric\.stmcufinder\plugins\mcufinder//mcu/
2024-09-22 14:41:02,261 [WARN] DbFile:41 - Overriding database path with different value: C:\Users\ematric\.stmcufinder\plugins\mcufinder/ => C:\Users\ematric\.stmcufinder\plugins\mcufinder
2024-09-22 14:41:02,261 [INFO] DbMcusAds:125 - Set database path to: C:\Users\ematric\.stmcufinder\plugins\mcufinder//mcu/
2024-09-22 14:41:02,261 [WARN] DbFile:41 - Overriding database path with different value: C:\Users\ematric\.stmcufinder\plugins\mcufinder/ => C:\Users\ematric\.stmcufinder\plugins\mcufinder
2024-09-22 14:41:02,261 [WARN] DbFile:41 - Overriding database path with different value: C:\Users\ematric\.stmcufinder\plugins\mcufinder/ => C:\Users\ematric\.stmcufinder\plugins\mcufinder
2024-09-22 14:41:02,262 [INFO] CrossReferenceDbSqlite:203 - Set database path to: C:\Users\ematric\.stmcufinder\plugins\mcufinder//mcu/cs/
2024-09-22 14:41:02,314 [INFO] MainPanel:264 - HeapMemory: 268435456
2024-09-22 14:41:02,354 [INFO] DbMcusXml:78 - Set database path to: C:\ST\STM32CubeIDE_1.14.0\STM32CubeIDE\plugins\com.st.stm32cube.common.mx_6.10.0.202311202037\\db\/mcu/
2024-09-22 14:41:02,354 [INFO] ApiDb:274 - Set plugin database path to: C:\ST\STM32CubeIDE_1.14.0\STM32CubeIDE\plugins\com.st.stm32cube.common.mx_6.10.0.202311202037\\db\/plugins/boardmanager/
2024-09-22 14:41:02,354 [INFO] ApiDb:261 - Set plugin images path to: C:\ST\STM32CubeIDE_1.14.0\STM32CubeIDE\plugins\com.st.stm32cube.common.mx_6.10.0.202311202037\\db\/plugins/mcufinder/images/
2024-09-22 14:41:02,354 [WARN] DbFile:41 - Overriding database path with different value: C:\Users\ematric\.stmcufinder\plugins\mcufinder/ => C:\Users\ematric\.stmcufinder\plugins\mcufinder
2024-09-22 14:41:02,354 [INFO] ApiDb:250 - Set database path to: C:\Users\ematric\.stmcufinder\plugins\mcufinder//mcu/
2024-09-22 14:41:02,354 [WARN] DbFile:41 - Overriding database path with different value: C:\Users\ematric\.stmcufinder\plugins\mcufinder/ => C:\Users\ematric\.stmcufinder\plugins\mcufinder
2024-09-22 14:41:02,355 [INFO] DbMcusAds:125 - Set database path to: C:\Users\ematric\.stmcufinder\plugins\mcufinder//mcu/
2024-09-22 14:41:02,355 [WARN] DbFile:41 - Overriding database path with different value: C:\Users\ematric\.stmcufinder\plugins\mcufinder/ => C:\Users\ematric\.stmcufinder\plugins\mcufinder
2024-09-22 14:41:02,355 [WARN] DbFile:41 - Overriding database path with different value: C:\Users\ematric\.stmcufinder\plugins\mcufinder/ => C:\Users\ematric\.stmcufinder\plugins\mcufinder
2024-09-22 14:41:02,355 [INFO] CrossReferenceDbSqlite:203 - Set database path to: C:\Users\ematric\.stmcufinder\plugins\mcufinder//mcu/cs/
2024-09-22 14:41:02,366 [INFO] ApplicationProperties:184 - Using Application install path: C:\ST\STM32CubeIDE_1.14.0\STM32CubeIDE\plugins\com.st.stm32cube.common.mx_6.10.0.202311202037
2024-09-22 14:41:02,367 [INFO] PluginManage:196 - Search for loadable plugins [exclusion list=, ]
2024-09-22 14:41:02,368 [INFO] PluginManage:310 - Check plugin analytics
2024-09-22 14:41:02,518 [INFO] AnalyticsPlugin:253 - Accepted Software Licenses: STM32CubeMX.6.12.1
2024-09-22 14:41:02,518 [INFO] AnalyticsPlugin:255 - Accepted CMSIS Pack Licenses: 
2024-09-22 14:41:02,519 [INFO] AnalyticsPlugin:257 - Accepted Firmware Licenses: 
2024-09-22 14:41:02,521 [INFO] PluginManage:359 - Loaded plugin analytics (category:tool,tabindex:-1)
2024-09-22 14:41:02,523 [INFO] PluginManage:310 - Check plugin cadmodel
2024-09-22 14:41:02,527 [INFO] CADModel:105 - Init CAD model plugin
2024-09-22 14:41:02,527 [INFO] PluginManage:359 - Loaded plugin cadmodel (category:power,tabindex:5)
2024-09-22 14:41:02,527 [INFO] PluginManage:310 - Check plugin clock
2024-09-22 14:41:02,534 [INFO] PluginManage:359 - Loaded plugin clock (category:base,tabindex:2)
2024-09-22 14:41:02,534 [INFO] PluginManage:310 - Check plugin ddr
2024-09-22 14:41:02,537 [INFO] PluginManage:359 - Loaded plugin ddr (category:tool,tabindex:6)
2024-09-22 14:41:02,537 [INFO] PluginManage:310 - Check plugin filemanager
2024-09-22 14:41:02,655 [INFO] PluginManage:359 - Loaded plugin filemanager (category:base,tabindex:10)
2024-09-22 14:41:02,655 [INFO] PluginManage:310 - Check plugin ipmanager
2024-09-22 14:41:02,661 [INFO] PluginManage:359 - Loaded plugin ipmanager (category:base,tabindex:5)
2024-09-22 14:41:02,661 [INFO] PluginManage:310 - Check plugin lpbam
2024-09-22 14:41:02,666 [INFO] PluginManage:359 - Loaded plugin lpbam (category:base,tabindex:0)
2024-09-22 14:41:02,666 [INFO] PluginManage:310 - Check plugin memorymap
2024-09-22 14:41:02,673 [INFO] PluginManage:359 - Loaded plugin memorymap (category:base,tabindex:4)
2024-09-22 14:41:02,673 [INFO] PluginManage:310 - Check plugin pinoutandconfiguration
2024-09-22 14:41:02,677 [INFO] PluginManage:359 - Loaded plugin pinoutandconfiguration (category:base,tabindex:1)
2024-09-22 14:41:02,677 [INFO] PluginManage:310 - Check plugin pinoutconfig
2024-09-22 14:41:02,733 [WARN] SupportedApi:132 - Cannot load RTOS API schema: s4s-elt-must-match.1: The content of 'definitions' must match (annotation?, (simpleType | complexType)?, (unique | key | keyref)*)). A problem was found starting at: attribute.
2024-09-22 14:41:02,826 [INFO] PluginManage:359 - Loaded plugin pinoutconfig (category:base,tabindex:0)
2024-09-22 14:41:02,826 [INFO] PluginManage:310 - Check plugin power
2024-09-22 14:41:02,832 [INFO] PluginManage:359 - Loaded plugin power (category:power,tabindex:4)
2024-09-22 14:41:02,832 [INFO] PluginManage:310 - Check plugin projectmanager
2024-09-22 14:41:02,842 [INFO] PluginManage:359 - Loaded plugin projectmanager (category:projectmanager,tabindex:3)
2024-09-22 14:41:02,842 [INFO] PluginManage:310 - Check plugin thirdparty
2024-09-22 14:41:02,935 [INFO] PluginManage:359 - Loaded plugin thirdparty (category:base,tabindex:-1)
2024-09-22 14:41:02,935 [WARN] IntegrityCheckThread:84 - waiting for thirdparty lock release [integrity check]
2024-09-22 14:41:02,935 [INFO] PluginManage:310 - Check plugin tools
2024-09-22 14:41:02,935 [INFO] IntegrityCheckThread:86 - entering critical section [integrity check]
2024-09-22 14:41:02,935 [INFO] ThirdPartyUpdaterWithRetryManager:70 - Updater plugin not ready yet. [1/15]
2024-09-22 14:41:02,937 [INFO] PluginManage:359 - Loaded plugin tools (category:base,tabindex:7)
2024-09-22 14:41:02,937 [INFO] PluginManage:310 - Check plugin tutovideos
2024-09-22 14:41:03,043 [INFO] PluginManage:359 - Loaded plugin tutovideos (category:base,tabindex:-1)
2024-09-22 14:41:03,043 [INFO] PluginManage:310 - Check plugin updater
2024-09-22 14:41:03,050 [INFO] PluginManage:359 - Loaded plugin updater (category:base,tabindex:12)
2024-09-22 14:41:03,051 [INFO] PluginManage:310 - Check plugin userauth
2024-09-22 14:41:03,055 [INFO] UserAuth:114 - Init User Auth plugin
2024-09-22 14:41:03,055 [INFO] PluginManage:359 - Loaded plugin userauth (category:base,tabindex:14)
2024-09-22 14:41:03,055 [INFO] PluginManage:283 - PluginManage : Loaded plugins [17]
2024-09-22 14:41:03,195 [INFO] PinOutPanel:1499 - setPackage(No Configuration,No Configuration)
2024-09-22 14:41:03,246 [INFO] CADModel:165 - CPN selected for project level
2024-09-22 14:41:03,247 [INFO] CADModel:114 - Register for checkConnection events
2024-09-22 14:41:03,257 [INFO] IPUIPlugin:80 - create IPUIPlugin
2024-09-22 14:41:03,257 [INFO] PluginManager:220 - loadIPPluginJar : add adc
2024-09-22 14:41:03,259 [INFO] IPUIPlugin:80 - create IPUIPlugin
2024-09-22 14:41:03,260 [INFO] PluginManager:220 - loadIPPluginJar : add aes
2024-09-22 14:41:03,261 [INFO] IPUIPlugin:80 - create IPUIPlugin
2024-09-22 14:41:03,262 [INFO] PluginManager:220 - loadIPPluginJar : add can
2024-09-22 14:41:03,263 [INFO] IPUIPlugin:80 - create IPUIPlugin
2024-09-22 14:41:03,263 [INFO] PluginManager:220 - loadIPPluginJar : add comp
2024-09-22 14:41:03,265 [INFO] IPUIPlugin:80 - create IPUIPlugin
2024-09-22 14:41:03,265 [INFO] PluginManager:220 - loadIPPluginJar : add cryp
2024-09-22 14:41:03,266 [INFO] IPUIPlugin:80 - create IPUIPlugin
2024-09-22 14:41:03,266 [INFO] PluginManager:220 - loadIPPluginJar : add dfsdm
2024-09-22 14:41:03,271 [INFO] IPUIPlugin:80 - create IPUIPlugin
2024-09-22 14:41:03,271 [INFO] PluginManager:220 - loadIPPluginJar : add dma
2024-09-22 14:41:03,273 [INFO] IPUIPlugin:80 - create IPUIPlugin
2024-09-22 14:41:03,273 [INFO] PluginManager:220 - loadIPPluginJar : add dma3
2024-09-22 14:41:03,274 [INFO] IPUIPlugin:80 - create IPUIPlugin
2024-09-22 14:41:03,274 [INFO] PluginManager:220 - loadIPPluginJar : add fatfs
2024-09-22 14:41:03,276 [INFO] IPUIPlugin:80 - create IPUIPlugin
2024-09-22 14:41:03,277 [INFO] PluginManager:220 - loadIPPluginJar : add fmc
2024-09-22 14:41:03,281 [INFO] IPUIPlugin:80 - create IPUIPlugin
2024-09-22 14:41:03,281 [INFO] PluginManager:220 - loadIPPluginJar : add freertos
2024-09-22 14:41:03,281 [INFO] IPUIPlugin:80 - create IPUIPlugin
2024-09-22 14:41:03,281 [INFO] PluginManager:220 - loadIPPluginJar : add genericplugin
2024-09-22 14:41:03,283 [INFO] IPUIPlugin:80 - create IPUIPlugin
2024-09-22 14:41:03,283 [INFO] PluginManager:220 - loadIPPluginJar : add gfxmmu
2024-09-22 14:41:03,286 [INFO] IPUIPlugin:80 - create IPUIPlugin
2024-09-22 14:41:03,286 [INFO] PluginManager:220 - loadIPPluginJar : add gic
2024-09-22 14:41:03,290 [INFO] IPUIPlugin:80 - create IPUIPlugin
2024-09-22 14:41:03,290 [INFO] PluginManager:220 - loadIPPluginJar : add gpio
2024-09-22 14:41:03,291 [INFO] IPUIPlugin:80 - create IPUIPlugin
2024-09-22 14:41:03,291 [INFO] PluginManager:220 - loadIPPluginJar : add gtzc
2024-09-22 14:41:03,293 [INFO] IPUIPlugin:80 - create IPUIPlugin
2024-09-22 14:41:03,293 [INFO] PluginManager:220 - loadIPPluginJar : add hash
2024-09-22 14:41:03,295 [INFO] IPUIPlugin:80 - create IPUIPlugin
2024-09-22 14:41:03,295 [INFO] PluginManager:220 - loadIPPluginJar : add i2c
2024-09-22 14:41:03,297 [INFO] IPUIPlugin:80 - create IPUIPlugin
2024-09-22 14:41:03,297 [INFO] PluginManager:220 - loadIPPluginJar : add i2s
2024-09-22 14:41:03,300 [INFO] IPUIPlugin:80 - create IPUIPlugin
2024-09-22 14:41:03,300 [INFO] PluginManager:220 - loadIPPluginJar : add i3c
2024-09-22 14:41:03,303 [INFO] IPUIPlugin:80 - create IPUIPlugin
2024-09-22 14:41:03,303 [INFO] PluginManager:220 - loadIPPluginJar : add ipddr
2024-09-22 14:41:03,307 [INFO] IPUIPlugin:80 - create IPUIPlugin
2024-09-22 14:41:03,307 [INFO] PluginManager:220 - loadIPPluginJar : add linkedlist
2024-09-22 14:41:03,309 [INFO] IPUIPlugin:80 - create IPUIPlugin
2024-09-22 14:41:03,310 [INFO] PluginManager:220 - loadIPPluginJar : add lorawan
2024-09-22 14:41:03,311 [INFO] IPUIPlugin:80 - create IPUIPlugin
2024-09-22 14:41:03,311 [INFO] PluginManager:220 - loadIPPluginJar : add ltdc
2024-09-22 14:41:03,315 [INFO] IPUIPlugin:80 - create IPUIPlugin
2024-09-22 14:41:03,316 [INFO] PluginManager:220 - loadIPPluginJar : add mdma
2024-09-22 14:41:03,319 [INFO] IPUIPlugin:80 - create IPUIPlugin
2024-09-22 14:41:03,319 [INFO] PluginManager:220 - loadIPPluginJar : add nvic
2024-09-22 14:41:03,322 [INFO] IPUIPlugin:80 - create IPUIPlugin
2024-09-22 14:41:03,322 [INFO] PluginManager:220 - loadIPPluginJar : add opamp
2024-09-22 14:41:03,324 [INFO] IPUIPlugin:80 - create IPUIPlugin
2024-09-22 14:41:03,324 [INFO] PluginManager:220 - loadIPPluginJar : add openamp
2024-09-22 14:41:03,362 [INFO] IPUIPlugin:80 - create IPUIPlugin
2024-09-22 14:41:03,362 [INFO] PluginManager:220 - loadIPPluginJar : add pdm2pcm
2024-09-22 14:41:03,367 [INFO] IPUIPlugin:80 - create IPUIPlugin
2024-09-22 14:41:03,368 [INFO] PluginManager:220 - loadIPPluginJar : add plateformsettings
2024-09-22 14:41:03,370 [INFO] IPUIPlugin:80 - create IPUIPlugin
2024-09-22 14:41:03,370 [INFO] PluginManager:220 - loadIPPluginJar : add quadspi
2024-09-22 14:41:03,371 [INFO] IPUIPlugin:80 - create IPUIPlugin
2024-09-22 14:41:03,371 [INFO] PluginManager:220 - loadIPPluginJar : add resmgrutility
2024-09-22 14:41:03,373 [INFO] IPUIPlugin:80 - create IPUIPlugin
2024-09-22 14:41:03,374 [INFO] PluginManager:220 - loadIPPluginJar : add sai
2024-09-22 14:41:03,376 [INFO] IPUIPlugin:80 - create IPUIPlugin
2024-09-22 14:41:03,376 [INFO] PluginManager:220 - loadIPPluginJar : add spi
2024-09-22 14:41:03,378 [INFO] IPUIPlugin:80 - create IPUIPlugin
2024-09-22 14:41:03,378 [INFO] PluginManager:220 - loadIPPluginJar : add stm32_wpan
2024-09-22 14:41:03,380 [INFO] IPUIPlugin:80 - create IPUIPlugin
2024-09-22 14:41:03,380 [INFO] PluginManager:220 - loadIPPluginJar : add tim
2024-09-22 14:41:03,382 [INFO] IPUIPlugin:80 - create IPUIPlugin
2024-09-22 14:41:03,382 [INFO] PluginManager:220 - loadIPPluginJar : add touchsensing
2024-09-22 14:41:03,384 [INFO] IPUIPlugin:80 - create IPUIPlugin
2024-09-22 14:41:03,384 [INFO] PluginManager:220 - loadIPPluginJar : add tracer_emb
2024-09-22 14:41:03,385 [INFO] IPUIPlugin:80 - create IPUIPlugin
2024-09-22 14:41:03,385 [INFO] PluginManager:220 - loadIPPluginJar : add ts
2024-09-22 14:41:03,387 [INFO] IPUIPlugin:80 - create IPUIPlugin
2024-09-22 14:41:03,387 [INFO] PluginManager:220 - loadIPPluginJar : add tsc
2024-09-22 14:41:03,388 [INFO] IPUIPlugin:80 - create IPUIPlugin
2024-09-22 14:41:03,388 [INFO] PluginManager:220 - loadIPPluginJar : add ucpd
2024-09-22 14:41:03,391 [INFO] IPUIPlugin:80 - create IPUIPlugin
2024-09-22 14:41:03,391 [INFO] PluginManager:220 - loadIPPluginJar : add usart
2024-09-22 14:41:03,394 [INFO] IPUIPlugin:80 - create IPUIPlugin
2024-09-22 14:41:03,394 [INFO] PluginManager:220 - loadIPPluginJar : add usbx
2024-09-22 14:41:03,506 [INFO] CADModel:165 - CPN selected for project level
2024-09-22 14:41:03,506 [INFO] CADModel:114 - Register for checkConnection events
2024-09-22 14:41:03,506 [FATAL] Updater:308 - Updater called before beeing initialized
2024-09-22 14:41:03,506 [ERROR] CADModel:125 - Updater not yet initialized, retry later 
2024-09-22 14:41:03,591 [INFO] CADModel:165 - CPN selected for project level
2024-09-22 14:41:03,591 [INFO] CADModel:114 - Register for checkConnection events
2024-09-22 14:41:03,591 [FATAL] Updater:308 - Updater called before beeing initialized
2024-09-22 14:41:03,591 [ERROR] CADModel:125 - Updater not yet initialized, retry later 
2024-09-22 14:41:03,594 [FATAL] Updater:308 - Updater called before beeing initialized
2024-09-22 14:41:03,673 [FATAL] Updater:308 - Updater called before beeing initialized
2024-09-22 14:41:03,677 [INFO] DbMcusAds:53 - JSON generation date=Fri Sep 20 15:04:23 CEST 2024 (1726837463121)
2024-09-22 14:41:03,677 [FATAL] Updater:308 - Updater called before beeing initialized
2024-09-22 14:41:03,706 [WARN] DetailPanel:346 - Failed to get advertising image, set to default
2024-09-22 14:41:03,764 [FATAL] Updater:308 - Updater called before beeing initialized
2024-09-22 14:41:03,765 [FATAL] Updater:308 - Updater called before beeing initialized
2024-09-22 14:41:03,765 [FATAL] Updater:308 - Updater called before beeing initialized
2024-09-22 14:41:03,765 [WARN] DetailPanel:346 - Failed to get advertising image, set to default
2024-09-22 14:41:03,766 [FATAL] Updater:308 - Updater called before beeing initialized
2024-09-22 14:41:03,796 [ERROR] Updater:1120 - MainUpdater not yet initialized. External WinMGr cannot be set.
2024-09-22 14:41:03,798 [INFO] Updater:1056 - Updater Version found : 6.10.0
2024-09-22 14:41:03,810 [INFO] ApplicationProperties:184 - Using Application install path: C:\ST\STM32CubeIDE_1.14.0\STM32CubeIDE\plugins\com.st.stm32cube.common.mx_6.10.0.202311202037
2024-09-22 14:41:05,376 [ERROR] LogOutputStream:75 - [STDERR_REDIRECT] Sep 22, 2024 2:41:05 PM java.util.prefs.WindowsPreferences <init>
2024-09-22 14:41:05,377 [ERROR] LogOutputStream:75 - [STDERR_REDIRECT] WARNING: Could not open/create prefs root node Software\JavaSoft\Prefs at root 0xffffffff80000002. Windows RegCreateKeyEx(...) returned error code 5.
2024-09-22 14:41:05,377 [ERROR] LogOutputStream:75 - [STDERR_REDIRECT] 
2024-09-22 14:41:05,740 [INFO] MainUpdater:2873 - connection check result : 10
2024-09-22 14:41:05,741 [INFO] MainUpdater:290 - Updater Check For Update Now.
2024-09-22 14:41:05,741 [INFO] MicroXplorer:498 - Change Database Version : DB.6.0.100
2024-09-22 14:41:05,750 [INFO] McuFinderGlobals:63 - Set McuFinder mode to 2 (CubeIDE integrated)
2024-09-22 14:41:05,760 [INFO] UserAuth:404 - Internet connection configuration mode: 1
2024-09-22 14:41:05,792 [INFO] JxBrowserEngine:152 - Initiate JxBrowser Engine with user profile folder
2024-09-22 14:41:05,905 [INFO] CheckServerUpdateThread:120 - End of CheckServer Thread
2024-09-22 14:41:06,044 [WARN] PackLoader:240 - Cannot read IP mode file for STMicroelectronics.FP-SNS-MOTENVWB1.1.4.0
2024-09-22 14:41:06,054 [WARN] PackLoader:240 - Cannot read IP mode file for STMicroelectronics.X-CUBE-SMBUS.2.1.0
2024-09-22 14:41:06,060 [WARN] PackLoader:240 - Cannot read IP mode file for STMicroelectronics.X-CUBE-TOUCHGFX.4.23.0
2024-09-22 14:41:06,094 [WARN] PackLoader:240 - Cannot read IP mode file for STMicroelectronics.X-CUBE-AZRTOS-F7.1.1.0
2024-09-22 14:41:06,103 [WARN] PackLoader:240 - Cannot read IP mode file for STMicroelectronics.FP-SNS-MOTENV1.4.3.2
2024-09-22 14:41:06,147 [WARN] PackLoader:240 - Cannot read IP mode file for STMicroelectronics.X-CUBE-MEMS1.11.0.0
2024-09-22 14:41:06,228 [WARN] PackLoader:240 - Cannot read IP mode file for STMicroelectronics.FP-SNS-FLIGHT1.5.0.2
2024-09-22 14:41:06,235 [WARN] PackLoader:240 - Cannot read IP mode file for STMicroelectronics.X-CUBE-DISPLAY.3.0.0
2024-09-22 14:41:06,244 [WARN] PackLoader:240 - Cannot read IP mode file for STMicroelectronics.X-CUBE-BLE1.7.0.0
2024-09-22 14:41:06,249 [WARN] PackLoader:240 - Cannot read IP mode file for emotas.I-CUBE-CANOPEN.1.3.0
2024-09-22 14:41:06,259 [WARN] PackLoader:240 - Cannot read IP mode file for STMicroelectronics.X-CUBE-BLEMGR.3.1.0
2024-09-22 14:41:06,264 [WARN] PackLoader:240 - Cannot read IP mode file for STMicroelectronics.FP-SNS-SMARTAG2.1.2.0
2024-09-22 14:41:06,274 [INFO] LogOutputStream:77 - [STDOUT_REDIRECT] 1 : Invalid condition id : UX_CORESTACK_Condition cause : null
2024-09-22 14:41:06,275 [INFO] LogOutputStream:77 - [STDOUT_REDIRECT] 1 : Invalid condition id : UX_CORESTACK_Condition cause : null
2024-09-22 14:41:06,277 [INFO] LogOutputStream:77 - [STDOUT_REDIRECT] 1 : Invalid condition id : UX_CORESTACK_Condition cause : null
2024-09-22 14:41:06,278 [INFO] LogOutputStream:77 - [STDOUT_REDIRECT] 1 : Invalid condition id : UX_CORESTACK_Condition cause : null
2024-09-22 14:41:06,281 [INFO] LogOutputStream:77 - [STDOUT_REDIRECT] 1 : Invalid condition id : UX_CORESTACK_Condition cause : null
2024-09-22 14:41:06,283 [WARN] PackLoader:240 - Cannot read IP mode file for STMicroelectronics.X-CUBE-AZRTOS-WL.2.0.0
2024-09-22 14:41:06,290 [WARN] PackLoader:240 - Cannot read IP mode file for STMicroelectronics.FP-SNS-MOTENV1.5.0.0
2024-09-22 14:41:06,294 [WARN] PackLoader:240 - Cannot read IP mode file for wolfSSL.I-CUBE-wolfMQTT.1.19.0
2024-09-22 14:41:06,304 [WARN] PackLoader:240 - Cannot read IP mode file for WES.I-CUBE-Cesium.1.3.0
2024-09-22 14:41:06,309 [WARN] PackLoader:240 - Cannot read IP mode file for STMicroelectronics.X-CUBE-BLE2.3.3.0
2024-09-22 14:41:06,315 [WARN] PackLoader:240 - Cannot read IP mode file for STMicroelectronics.X-CUBE-TCPP.4.1.0
2024-09-22 14:41:06,332 [WARN] PackLoader:240 - Cannot read IP mode file for STMicroelectronics.X-CUBE-ALGOBUILD.1.3.0
2024-09-22 14:41:06,349 [WARN] PackLoader:240 - Cannot read IP mode file for STMicroelectronics.X-CUBE-AZRTOS-G0.1.1.0
2024-09-22 14:41:06,358 [WARN] PackLoader:240 - Cannot read IP mode file for STMicroelectronics.X-CUBE-SAFEA1.1.2.2
2024-09-22 14:41:06,381 [WARN] PackLoader:240 - Cannot read IP mode file for STMicroelectronics.X-CUBE-NFC4.3.0.0
2024-09-22 14:41:06,403 [WARN] PackLoader:240 - Cannot read IP mode file for EmbeddedOffice.I-CUBE-FS-RTOS.1.0.1
2024-09-22 14:41:06,404 [ERROR] ConditionMgr:805 - Attr not supported : Dmpu
2024-09-22 14:41:06,404 [ERROR] ConditionMgr:805 - Attr not supported : Dmpu
2024-09-22 14:41:06,404 [ERROR] ConditionMgr:805 - Attr not supported : Dmpu
2024-09-22 14:41:06,404 [ERROR] ConditionMgr:805 - Attr not supported : Dmpu
2024-09-22 14:41:06,404 [ERROR] ConditionMgr:805 - Attr not supported : Dmpu
2024-09-22 14:41:06,404 [ERROR] ConditionMgr:805 - Attr not supported : Dmpu
2024-09-22 14:41:06,404 [ERROR] ConditionMgr:805 - Attr not supported : Dmpu
2024-09-22 14:41:06,404 [ERROR] ConditionMgr:805 - Attr not supported : Dmpu
2024-09-22 14:41:06,404 [ERROR] ConditionMgr:805 - Attr not supported : Dmpu
2024-09-22 14:41:06,404 [ERROR] ConditionMgr:805 - Attr not supported : Dmpu
2024-09-22 14:41:06,404 [ERROR] ConditionMgr:805 - Attr not supported : Dmpu
2024-09-22 14:41:06,404 [ERROR] ConditionMgr:805 - Attr not supported : Dmpu
2024-09-22 14:41:06,404 [ERROR] ConditionMgr:805 - Attr not supported : Dmpu
2024-09-22 14:41:06,404 [ERROR] ConditionMgr:805 - Attr not supported : Dmpu
2024-09-22 14:41:06,404 [ERROR] ConditionMgr:805 - Attr not supported : Dmpu
2024-09-22 14:41:06,404 [ERROR] ConditionMgr:805 - Attr not supported : Dmpu
2024-09-22 14:41:06,404 [ERROR] ConditionMgr:805 - Attr not supported : Dmpu
2024-09-22 14:41:06,404 [ERROR] ConditionMgr:805 - Attr not supported : Dmpu
2024-09-22 14:41:06,404 [ERROR] ConditionMgr:805 - Attr not supported : Dmpu
2024-09-22 14:41:06,404 [ERROR] ConditionMgr:805 - Attr not supported : Dmpu
2024-09-22 14:41:06,404 [ERROR] ConditionMgr:805 - Attr not supported : Dmpu
2024-09-22 14:41:06,404 [ERROR] ConditionMgr:805 - Attr not supported : Dmpu
2024-09-22 14:41:06,404 [ERROR] ConditionMgr:805 - Attr not supported : Dmpu
2024-09-22 14:41:06,404 [ERROR] ConditionMgr:805 - Attr not supported : Dmpu
2024-09-22 14:41:06,405 [ERROR] ConditionMgr:805 - Attr not supported : Dmpu
2024-09-22 14:41:06,405 [ERROR] ConditionMgr:805 - Attr not supported : Dmpu
2024-09-22 14:41:06,405 [ERROR] ConditionMgr:805 - Attr not supported : Dmpu
2024-09-22 14:41:06,405 [ERROR] ConditionMgr:805 - Attr not supported : Dmpu
2024-09-22 14:41:06,405 [ERROR] ConditionMgr:805 - Attr not supported : Dmpu
2024-09-22 14:41:06,405 [ERROR] ConditionMgr:805 - Attr not supported : Dmpu
2024-09-22 14:41:06,405 [ERROR] ConditionMgr:805 - Attr not supported : Dmpu
2024-09-22 14:41:06,405 [ERROR] ConditionMgr:805 - Attr not supported : Dmpu
2024-09-22 14:41:06,405 [ERROR] ConditionMgr:805 - Attr not supported : Dmpu
2024-09-22 14:41:06,405 [ERROR] ConditionMgr:805 - Attr not supported : Dmpu
2024-09-22 14:41:06,405 [ERROR] ConditionMgr:805 - Attr not supported : Dmpu
2024-09-22 14:41:06,405 [ERROR] ConditionMgr:805 - Attr not supported : Dmpu
2024-09-22 14:41:06,406 [ERROR] ConditionMgr:805 - Attr not supported : Dmpu
2024-09-22 14:41:06,406 [ERROR] ConditionMgr:805 - Attr not supported : Dmpu
2024-09-22 14:41:06,406 [ERROR] ConditionMgr:805 - Attr not supported : Dmpu
2024-09-22 14:41:06,406 [ERROR] ConditionMgr:805 - Attr not supported : Dmpu
2024-09-22 14:41:06,406 [ERROR] ConditionMgr:805 - Attr not supported : Dmpu
2024-09-22 14:41:06,406 [ERROR] ConditionMgr:805 - Attr not supported : Dmpu
2024-09-22 14:41:06,406 [ERROR] ConditionMgr:805 - Attr not supported : Dmpu
2024-09-22 14:41:06,406 [ERROR] ConditionMgr:805 - Attr not supported : Dmpu
2024-09-22 14:41:06,406 [ERROR] ConditionMgr:805 - Attr not supported : Dmpu
2024-09-22 14:41:06,406 [ERROR] ConditionMgr:805 - Attr not supported : Dmpu
2024-09-22 14:41:06,406 [ERROR] ConditionMgr:805 - Attr not supported : Dmpu
2024-09-22 14:41:06,406 [ERROR] ConditionMgr:805 - Attr not supported : Dmpu
2024-09-22 14:41:06,407 [ERROR] ConditionMgr:805 - Attr not supported : Dmpu
2024-09-22 14:41:06,407 [ERROR] ConditionMgr:805 - Attr not supported : Dmpu
2024-09-22 14:41:06,407 [ERROR] ConditionMgr:805 - Attr not supported : Dmpu
2024-09-22 14:41:06,407 [ERROR] ConditionMgr:805 - Attr not supported : Dmpu
2024-09-22 14:41:06,407 [ERROR] ConditionMgr:805 - Attr not supported : Dmpu
2024-09-22 14:41:06,407 [ERROR] ConditionMgr:805 - Attr not supported : Dmpu
2024-09-22 14:41:06,407 [ERROR] ConditionMgr:805 - Attr not supported : Dmpu
2024-09-22 14:41:06,407 [ERROR] ConditionMgr:805 - Attr not supported : Dmpu
2024-09-22 14:41:06,407 [ERROR] ConditionMgr:805 - Attr not supported : Dmpu
2024-09-22 14:41:06,407 [ERROR] ConditionMgr:805 - Attr not supported : Dmpu
2024-09-22 14:41:06,407 [ERROR] ConditionMgr:805 - Attr not supported : Dmpu
2024-09-22 14:41:06,407 [ERROR] ConditionMgr:805 - Attr not supported : Dmpu
2024-09-22 14:41:06,407 [ERROR] ConditionMgr:805 - Attr not supported : Dmpu
2024-09-22 14:41:06,407 [ERROR] ConditionMgr:805 - Attr not supported : Dmpu
2024-09-22 14:41:06,407 [ERROR] ConditionMgr:805 - Attr not supported : Dmpu
2024-09-22 14:41:06,408 [ERROR] ConditionMgr:805 - Attr not supported : Dmpu
2024-09-22 14:41:06,412 [WARN] PackLoader:240 - Cannot read IP mode file for STMicroelectronics.X-CUBE-BLEMGR.3.0.0
2024-09-22 14:41:06,417 [WARN] PackLoader:240 - Cannot read IP mode file for RealThread.X-CUBE-RT-Thread_Nano.4.1.1
2024-09-22 14:41:06,422 [WARN] PackLoader:240 - Cannot read IP mode file for STMicroelectronics.FP-ATR-SIGFOX1.3.2.0
2024-09-22 14:41:06,426 [WARN] PackLoader:240 - Cannot read IP mode file for STMicroelectronics.X-CUBE-EEPRMA1.5.1.0
2024-09-22 14:41:06,454 [WARN] PackLoader:240 - Cannot read IP mode file for SEGGER.I-CUBE-embOS.1.3.1
2024-09-22 14:41:06,476 [WARN] PackLoader:240 - Cannot read IP mode file for STMicroelectronics.X-CUBE-ALGOBUILD.1.4.0
2024-09-22 14:41:06,481 [WARN] PackLoader:240 - Cannot read IP mode file for STMicroelectronics.X-CUBE-GNSS1.6.0.0
2024-09-22 14:41:06,490 [WARN] PackLoader:240 - Cannot read IP mode file for STMicroelectronics.X-CUBE-AZRTOS-F4.1.1.0
2024-09-22 14:41:06,494 [WARN] PackLoader:240 - Cannot read IP mode file for STMicroelectronics.X-CUBE-ISPU.2.1.0
2024-09-22 14:41:06,498 [WARN] PackLoader:240 - Cannot read IP mode file for STMicroelectronics.X-CUBE-FREERTOS.1.2.0
2024-09-22 14:41:06,502 [WARN] PackLoader:240 - Cannot read IP mode file for wolfSSL.I-CUBE-wolfSSL.5.6.6
2024-09-22 14:41:06,510 [WARN] PackLoader:240 - Cannot read IP mode file for STMicroelectronics.X-CUBE-AZRTOS-L5.2.0.0
2024-09-22 14:41:06,515 [WARN] PackLoader:240 - Cannot read IP mode file for STMicroelectronics.X-CUBE-EEPRMA1.4.2.0
2024-09-22 14:41:06,521 [WARN] PackLoader:240 - Cannot read IP mode file for STMicroelectronics.X-CUBE-NFC6.3.1.0
2024-09-22 14:41:06,527 [WARN] PackLoader:240 - Cannot read IP mode file for ITTIA_DB.I-CUBE-ITTIADB.8.8.0
2024-09-22 14:41:06,531 [WARN] PackLoader:240 - Cannot read IP mode file for STMicroelectronics.X-CUBE-DPower.1.2.0
2024-09-22 14:41:06,535 [WARN] PackLoader:240 - Cannot read IP mode file for STMicroelectronics.X-CUBE-AI.9.0.0
2024-09-22 14:41:06,538 [WARN] PackLoader:240 - Cannot read IP mode file for STMicroelectronics.X-CUBE-NFC7.1.0.1
2024-09-22 14:41:06,544 [WARN] PackLoader:240 - Cannot read IP mode file for STMicroelectronics.X-CUBE-NFC6.3.0.0
2024-09-22 14:41:06,548 [WARN] PackLoader:240 - Cannot read IP mode file for STMicroelectronics.X-CUBE-AI.8.1.0
2024-09-22 14:41:06,559 [WARN] ConditionMgr:438 - getConditionDescription Invalid condition id : LAN8742 Phy interface Condition cause : null
2024-09-22 14:41:06,560 [WARN] PackLoader:240 - Cannot read IP mode file for STMicroelectronics.X-CUBE-AZRTOS-L4.2.0.0
2024-09-22 14:41:06,560 [WARN] ConditionMgr:1039 - genDependencies : Invalid condition id : LAN8742 Phy interface Condition cause : null
2024-09-22 14:41:06,561 [WARN] ConditionMgr:1039 - genDependencies : Invalid condition id : LAN8742 Phy interface Condition cause : null
2024-09-22 14:41:06,561 [WARN] ConditionMgr:1039 - genDependencies : Invalid condition id : LAN8742 Phy interface Condition cause : null
2024-09-22 14:41:06,566 [WARN] PackLoader:240 - Cannot read IP mode file for STMicroelectronics.X-CUBE-SFXS2LP1.4.0.0
2024-09-22 14:41:06,581 [WARN] PackLoader:240 - Cannot read IP mode file for STMicroelectronics.X-CUBE-AZRTOS-H7.3.3.0
2024-09-22 14:41:06,589 [WARN] ConditionMgr:438 - getConditionDescription Invalid condition id : UX DEVICE CLASS RTOS Condition cause : null
2024-09-22 14:41:06,589 [WARN] ConditionMgr:438 - getConditionDescription Invalid condition id : UX DEVICE CLASS RTOS Condition cause : null
2024-09-22 14:41:06,590 [WARN] PackLoader:240 - Cannot read IP mode file for STMicroelectronics.X-CUBE-AZRTOS-WB.2.0.0
2024-09-22 14:41:06,591 [WARN] ConditionMgr:1039 - genDependencies : Invalid condition id : UX DEVICE CLASS RTOS Condition cause : null
2024-09-22 14:41:06,591 [WARN] ConditionMgr:1039 - genDependencies : Invalid condition id : UX DEVICE CLASS RTOS Condition cause : null
2024-09-22 14:41:06,591 [WARN] ConditionMgr:1039 - genDependencies : Invalid condition id : UX DEVICE CLASS RTOS Condition cause : null
2024-09-22 14:41:06,591 [WARN] ConditionMgr:1039 - genDependencies : Invalid condition id : UX DEVICE CLASS RTOS Condition cause : null
2024-09-22 14:41:06,591 [WARN] ConditionMgr:1039 - genDependencies : Invalid condition id : UX DEVICE CLASS RTOS Condition cause : null
2024-09-22 14:41:06,595 [WARN] PackLoader:240 - Cannot read IP mode file for STMicroelectronics.X-CUBE-GNSS1.7.0.0
2024-09-22 14:41:06,600 [WARN] PackLoader:240 - Cannot read IP mode file for STMicroelectronics.FP-SNS-STBOX1.2.0.0
2024-09-22 14:41:06,607 [WARN] PackLoader:240 - Cannot read IP mode file for STMicroelectronics.X-CUBE-SUBG2.5.0.0
2024-09-22 14:41:06,613 [WARN] PackLoader:240 - Cannot read IP mode file for Cesanta.I-CUBE-Mongoose.7.13.0
2024-09-22 14:41:06,620 [WARN] PackLoader:240 - Cannot read IP mode file for STMicroelectronics.X-CUBE-AZRTOS-G4.2.0.0
2024-09-22 14:41:06,627 [WARN] PackLoader:240 - Cannot read IP mode file for Infineon.AIROC-Wi-Fi-Bluetooth-STM32.1.5.1
2024-09-22 14:41:06,632 [WARN] PackLoader:240 - Cannot read IP mode file for STMicroelectronics.FP-SNS-MOTENVWB1.1.3.1
2024-09-22 14:41:06,635 [WARN] PackLoader:240 - Cannot read IP mode file for STMicroelectronics.X-CUBE-ISPU.2.0.0
2024-09-22 14:41:06,639 [WARN] PackLoader:240 - Cannot read IP mode file for STMicroelectronics.X-CUBE-ALS.1.0.2
2024-09-22 14:41:06,655 [WARN] PackLoader:240 - Cannot read IP mode file for STMicroelectronics.X-CUBE-MEMS1.10.0.0
2024-09-22 14:41:06,728 [WARN] PackLoader:240 - Cannot read IP mode file for STMicroelectronics.X-CUBE-FREERTOS.1.1.0
2024-09-22 14:41:06,730 [WARN] PackLoader:240 - Cannot read IP mode file for STMicroelectronics.X-CUBE-TOUCHGFX.4.24.1
2024-09-22 14:41:06,733 [WARN] PackLoader:240 - Cannot read IP mode file for wolfSSL.I-CUBE-wolfTPM.3.4.0
2024-09-22 14:41:06,736 [WARN] PackLoader:240 - Cannot read IP mode file for portGmbH.I-Cube-SoM-uGOAL.1.1.0
2024-09-22 14:41:06,739 [WARN] PackLoader:240 - Cannot read IP mode file for STMicroelectronics.X-CUBE-ALS.1.0.1
2024-09-22 14:41:06,748 [WARN] PackLoader:240 - Cannot read IP mode file for STMicroelectronics.X-CUBE-AZRTOS-H7RS.1.0.0
2024-09-22 14:41:06,753 [WARN] PackLoader:240 - Cannot read IP mode file for STMicroelectronics.FP-ATR-ASTRA1.2.0.0
2024-09-22 14:41:06,760 [WARN] PackLoader:240 - Cannot read IP mode file for STMicroelectronics.X-CUBE-TOF1.3.4.2
2024-09-22 14:41:06,770 [WARN] PackLoader:240 - Cannot read IP mode file for STMicroelectronics.X-CUBE-TOF1.3.4.0
2024-09-22 14:41:06,787 [WARN] PackLoader:240 - Cannot read IP mode file for STMicroelectronics.X-CUBE-AZRTOS-H7.3.2.0
2024-09-22 14:41:06,792 [WARN] PackLoader:240 - Cannot read IP mode file for wolfSSL.I-CUBE-wolfSSH.1.4.17
2024-09-22 14:41:06,793 [INFO] ThirdParty:978 - Integrity check success = true
2024-09-22 14:41:06,793 [INFO] IntegrityCheckThread:100 - exiting critical section [integrity check]
2024-09-22 14:41:06,793 [INFO] IntegrityCheckThread:103 - End integrity checks thread
2024-09-22 14:41:06,962 [INFO] WebApp:161 - Instantiating new browser for Auth
2024-09-22 14:41:07,450 [INFO] WebApp:780 - Register for checkConnection events
2024-09-22 14:41:07,450 [INFO] WebApp:414 - Apply proxy settings
2024-09-22 14:41:07,450 [INFO] WebApp:499 - Chromium requires no authentication
2024-09-22 14:41:07,454 [INFO] WebApp:442 - Direct internet connection detected
2024-09-22 14:41:07,541 [INFO] WebApp:192 - Starting web application
2024-09-22 14:41:07,541 [INFO] WebApp:544 - Web application path used C:\ST\STM32CubeIDE_1.14.0\STM32CubeIDE\plugins\com.st.stm32cube.common.mx_6.10.0.202311202037\db\plugins\mcufinder\reactClient1\index.html
2024-09-22 14:41:28,037 [ERROR] LogOutputStream:75 - [STDERR_REDIRECT] SLF4J: Failed to load class "org.slf4j.impl.StaticLoggerBinder".
2024-09-22 14:41:28,038 [ERROR] LogOutputStream:75 - [STDERR_REDIRECT] SLF4J: Defaulting to no-operation (NOP) logger implementation
2024-09-22 14:41:28,038 [ERROR] LogOutputStream:75 - [STDERR_REDIRECT] SLF4J: See http://www.slf4j.org/codes.html#StaticLoggerBinder for further details.
2024-09-22 14:42:29,682 [ERROR] LogOutputStream:75 - [STDERR_REDIRECT] 
2024-09-22 14:42:29,685 [ERROR] LogOutputStream:75 - [STDERR_REDIRECT] 
