2024-09-21 12:00:40,531 [INFO] Activator:176 - 


2024-09-21 12:00:40,535 [INFO] Activator:177 - !SESSION log4j initialized
2024-09-21 12:00:45,330 [INFO] LogOutputStream:77 - [STDOUT_REDIRECT] 
2024-09-21 12:00:46,713 [INFO] ApplicationProperties:184 - Using Application install path: C:\ST\STM32CubeIDE_1.14.0\STM32CubeIDE\plugins\com.st.stm32cube.common.mx_6.10.0.202311202037
2024-09-21 12:00:46,769 [INFO] DbMcusXml:78 - Set database path to: C:\ST\STM32CubeIDE_1.14.0\STM32CubeIDE\plugins\com.st.stm32cube.common.mx_6.10.0.202311202037\\db\/mcu/
2024-09-21 12:00:46,770 [INFO] ApiDb:274 - Set plugin database path to: C:\ST\STM32CubeIDE_1.14.0\STM32CubeIDE\plugins\com.st.stm32cube.common.mx_6.10.0.202311202037\\db\/plugins/boardmanager/
2024-09-21 12:00:46,770 [WARN] ApiDb:259 - Overriding images path with different value:  => C:\ST\STM32CubeIDE_1.14.0\STM32CubeIDE\plugins\com.st.stm32cube.common.mx_6.10.0.202311202037\\db\/plugins/mcufinder/images/
2024-09-21 12:00:46,782 [INFO] ApiDb:250 - Set database path to: C:\Users\ematric\.stmcufinder\plugins\mcufinder//mcu/
2024-09-21 12:00:46,785 [INFO] DbMcusAds:125 - Set database path to: C:\Users\ematric\.stmcufinder\plugins\mcufinder//mcu/
2024-09-21 12:00:46,792 [INFO] CrossReferenceDbSqlite:203 - Set database path to: C:\Users\ematric\.stmcufinder\plugins\mcufinder//mcu/cs/
2024-09-21 12:00:47,151 [INFO] RulesReader:64 - Compatibility file has been processed (297 Rules)
2024-09-21 12:00:47,381 [INFO] DbMcusXml:78 - Set database path to: C:\ST\STM32CubeIDE_1.14.0\STM32CubeIDE\plugins\com.st.stm32cube.common.mx_6.10.0.202311202037\\db\/mcu/
2024-09-21 12:00:47,381 [INFO] ApiDb:274 - Set plugin database path to: C:\ST\STM32CubeIDE_1.14.0\STM32CubeIDE\plugins\com.st.stm32cube.common.mx_6.10.0.202311202037\\db\/plugins/boardmanager/
2024-09-21 12:00:47,381 [INFO] ApiDb:261 - Set plugin images path to: C:\ST\STM32CubeIDE_1.14.0\STM32CubeIDE\plugins\com.st.stm32cube.common.mx_6.10.0.202311202037\\db\/plugins/mcufinder/images/
2024-09-21 12:00:47,381 [WARN] DbFile:41 - Overriding database path with different value: C:\Users\ematric\.stmcufinder\plugins\mcufinder/ => C:\Users\ematric\.stmcufinder\plugins\mcufinder
2024-09-21 12:00:47,381 [INFO] ApiDb:250 - Set database path to: C:\Users\ematric\.stmcufinder\plugins\mcufinder//mcu/
2024-09-21 12:00:47,381 [WARN] DbFile:41 - Overriding database path with different value: C:\Users\ematric\.stmcufinder\plugins\mcufinder/ => C:\Users\ematric\.stmcufinder\plugins\mcufinder
2024-09-21 12:00:47,381 [INFO] DbMcusAds:125 - Set database path to: C:\Users\ematric\.stmcufinder\plugins\mcufinder//mcu/
2024-09-21 12:00:47,381 [WARN] DbFile:41 - Overriding database path with different value: C:\Users\ematric\.stmcufinder\plugins\mcufinder/ => C:\Users\ematric\.stmcufinder\plugins\mcufinder
2024-09-21 12:00:47,381 [WARN] DbFile:41 - Overriding database path with different value: C:\Users\ematric\.stmcufinder\plugins\mcufinder/ => C:\Users\ematric\.stmcufinder\plugins\mcufinder
2024-09-21 12:00:47,382 [INFO] CrossReferenceDbSqlite:203 - Set database path to: C:\Users\ematric\.stmcufinder\plugins\mcufinder//mcu/cs/
2024-09-21 12:00:47,591 [INFO] MainPanel:264 - HeapMemory: 268435456
2024-09-21 12:00:47,876 [INFO] DbMcusXml:78 - Set database path to: C:\ST\STM32CubeIDE_1.14.0\STM32CubeIDE\plugins\com.st.stm32cube.common.mx_6.10.0.202311202037\\db\/mcu/
2024-09-21 12:00:47,876 [INFO] ApiDb:274 - Set plugin database path to: C:\ST\STM32CubeIDE_1.14.0\STM32CubeIDE\plugins\com.st.stm32cube.common.mx_6.10.0.202311202037\\db\/plugins/boardmanager/
2024-09-21 12:00:47,876 [INFO] ApiDb:261 - Set plugin images path to: C:\ST\STM32CubeIDE_1.14.0\STM32CubeIDE\plugins\com.st.stm32cube.common.mx_6.10.0.202311202037\\db\/plugins/mcufinder/images/
2024-09-21 12:00:47,878 [WARN] DbFile:41 - Overriding database path with different value: C:\Users\ematric\.stmcufinder\plugins\mcufinder/ => C:\Users\ematric\.stmcufinder\plugins\mcufinder
2024-09-21 12:00:47,879 [INFO] ApiDb:250 - Set database path to: C:\Users\ematric\.stmcufinder\plugins\mcufinder//mcu/
2024-09-21 12:00:47,879 [WARN] DbFile:41 - Overriding database path with different value: C:\Users\ematric\.stmcufinder\plugins\mcufinder/ => C:\Users\ematric\.stmcufinder\plugins\mcufinder
2024-09-21 12:00:47,879 [INFO] DbMcusAds:125 - Set database path to: C:\Users\ematric\.stmcufinder\plugins\mcufinder//mcu/
2024-09-21 12:00:47,879 [WARN] DbFile:41 - Overriding database path with different value: C:\Users\ematric\.stmcufinder\plugins\mcufinder/ => C:\Users\ematric\.stmcufinder\plugins\mcufinder
2024-09-21 12:00:47,879 [WARN] DbFile:41 - Overriding database path with different value: C:\Users\ematric\.stmcufinder\plugins\mcufinder/ => C:\Users\ematric\.stmcufinder\plugins\mcufinder
2024-09-21 12:00:47,879 [INFO] CrossReferenceDbSqlite:203 - Set database path to: C:\Users\ematric\.stmcufinder\plugins\mcufinder//mcu/cs/
2024-09-21 12:00:47,928 [INFO] ApplicationProperties:184 - Using Application install path: C:\ST\STM32CubeIDE_1.14.0\STM32CubeIDE\plugins\com.st.stm32cube.common.mx_6.10.0.202311202037
2024-09-21 12:00:47,961 [INFO] PluginManage:196 - Search for loadable plugins [exclusion list=, ]
2024-09-21 12:00:47,966 [INFO] PluginManage:310 - Check plugin analytics
2024-09-21 12:00:48,630 [INFO] AnalyticsPlugin:253 - Accepted Software Licenses: 
2024-09-21 12:00:48,631 [INFO] AnalyticsPlugin:255 - Accepted CMSIS Pack Licenses: 
2024-09-21 12:00:48,631 [INFO] AnalyticsPlugin:257 - Accepted Firmware Licenses: 
2024-09-21 12:00:48,635 [INFO] PluginManage:359 - Loaded plugin analytics (category:tool,tabindex:-1)
2024-09-21 12:00:48,636 [INFO] PluginManage:310 - Check plugin cadmodel
2024-09-21 12:00:48,653 [INFO] CADModel:105 - Init CAD model plugin
2024-09-21 12:00:48,653 [INFO] PluginManage:359 - Loaded plugin cadmodel (category:power,tabindex:5)
2024-09-21 12:00:48,653 [INFO] PluginManage:310 - Check plugin clock
2024-09-21 12:00:48,709 [INFO] PluginManage:359 - Loaded plugin clock (category:base,tabindex:2)
2024-09-21 12:00:48,710 [INFO] PluginManage:310 - Check plugin ddr
2024-09-21 12:00:48,722 [INFO] PluginManage:359 - Loaded plugin ddr (category:tool,tabindex:6)
2024-09-21 12:00:48,722 [INFO] PluginManage:310 - Check plugin filemanager
2024-09-21 12:00:49,154 [INFO] PluginManage:359 - Loaded plugin filemanager (category:base,tabindex:10)
2024-09-21 12:00:49,154 [INFO] PluginManage:310 - Check plugin ipmanager
2024-09-21 12:00:49,167 [INFO] PluginManage:359 - Loaded plugin ipmanager (category:base,tabindex:5)
2024-09-21 12:00:49,167 [INFO] PluginManage:310 - Check plugin lpbam
2024-09-21 12:00:49,182 [INFO] PluginManage:359 - Loaded plugin lpbam (category:base,tabindex:0)
2024-09-21 12:00:49,182 [INFO] PluginManage:310 - Check plugin memorymap
2024-09-21 12:00:49,222 [INFO] PluginManage:359 - Loaded plugin memorymap (category:base,tabindex:4)
2024-09-21 12:00:49,222 [INFO] PluginManage:310 - Check plugin pinoutandconfiguration
2024-09-21 12:00:49,243 [INFO] PluginManage:359 - Loaded plugin pinoutandconfiguration (category:base,tabindex:1)
2024-09-21 12:00:49,243 [INFO] PluginManage:310 - Check plugin pinoutconfig
2024-09-21 12:00:49,441 [WARN] SupportedApi:132 - Cannot load RTOS API schema: s4s-elt-must-match.1: The content of 'definitions' must match (annotation?, (simpleType | complexType)?, (unique | key | keyref)*)). A problem was found starting at: attribute.
2024-09-21 12:00:49,875 [INFO] PluginManage:359 - Loaded plugin pinoutconfig (category:base,tabindex:0)
2024-09-21 12:00:49,875 [INFO] PluginManage:310 - Check plugin power
2024-09-21 12:00:49,892 [INFO] PluginManage:359 - Loaded plugin power (category:power,tabindex:4)
2024-09-21 12:00:49,892 [INFO] PluginManage:310 - Check plugin projectmanager
2024-09-21 12:00:49,914 [INFO] PluginManage:359 - Loaded plugin projectmanager (category:projectmanager,tabindex:3)
2024-09-21 12:00:49,914 [INFO] PluginManage:310 - Check plugin thirdparty
2024-09-21 12:00:50,095 [WARN] IntegrityCheckThread:84 - waiting for thirdparty lock release [integrity check]
2024-09-21 12:00:50,095 [INFO] IntegrityCheckThread:86 - entering critical section [integrity check]
2024-09-21 12:00:50,095 [INFO] PluginManage:359 - Loaded plugin thirdparty (category:base,tabindex:-1)
2024-09-21 12:00:50,096 [INFO] PluginManage:310 - Check plugin tools
2024-09-21 12:00:50,098 [INFO] ThirdPartyUpdaterWithRetryManager:70 - Updater plugin not ready yet. [1/15]
2024-09-21 12:00:50,103 [INFO] PluginManage:359 - Loaded plugin tools (category:base,tabindex:7)
2024-09-21 12:00:50,103 [INFO] PluginManage:310 - Check plugin tutovideos
2024-09-21 12:00:50,254 [INFO] PluginManage:359 - Loaded plugin tutovideos (category:base,tabindex:-1)
2024-09-21 12:00:50,254 [INFO] PluginManage:310 - Check plugin updater
2024-09-21 12:00:50,266 [INFO] PluginManage:359 - Loaded plugin updater (category:base,tabindex:12)
2024-09-21 12:00:50,266 [INFO] PluginManage:310 - Check plugin userauth
2024-09-21 12:00:50,270 [INFO] UserAuth:114 - Init User Auth plugin
2024-09-21 12:00:50,270 [INFO] PluginManage:359 - Loaded plugin userauth (category:base,tabindex:14)
2024-09-21 12:00:50,271 [INFO] PluginManage:283 - PluginManage : Loaded plugins [17]
2024-09-21 12:00:50,479 [INFO] PinOutPanel:1499 - setPackage(No Configuration,No Configuration)
2024-09-21 12:00:50,551 [INFO] CADModel:165 - CPN selected for project level
2024-09-21 12:00:50,551 [INFO] CADModel:114 - Register for checkConnection events
2024-09-21 12:00:50,565 [INFO] IPUIPlugin:80 - create IPUIPlugin
2024-09-21 12:00:50,565 [INFO] PluginManager:220 - loadIPPluginJar : add adc
2024-09-21 12:00:50,568 [INFO] IPUIPlugin:80 - create IPUIPlugin
2024-09-21 12:00:50,568 [INFO] PluginManager:220 - loadIPPluginJar : add aes
2024-09-21 12:00:50,571 [INFO] IPUIPlugin:80 - create IPUIPlugin
2024-09-21 12:00:50,571 [INFO] PluginManager:220 - loadIPPluginJar : add can
2024-09-21 12:00:50,572 [INFO] IPUIPlugin:80 - create IPUIPlugin
2024-09-21 12:00:50,573 [INFO] PluginManager:220 - loadIPPluginJar : add comp
2024-09-21 12:00:50,576 [INFO] IPUIPlugin:80 - create IPUIPlugin
2024-09-21 12:00:50,576 [INFO] PluginManager:220 - loadIPPluginJar : add cryp
2024-09-21 12:00:50,578 [INFO] IPUIPlugin:80 - create IPUIPlugin
2024-09-21 12:00:50,578 [INFO] PluginManager:220 - loadIPPluginJar : add dfsdm
2024-09-21 12:00:50,583 [INFO] IPUIPlugin:80 - create IPUIPlugin
2024-09-21 12:00:50,583 [INFO] PluginManager:220 - loadIPPluginJar : add dma
2024-09-21 12:00:50,586 [INFO] IPUIPlugin:80 - create IPUIPlugin
2024-09-21 12:00:50,587 [INFO] PluginManager:220 - loadIPPluginJar : add dma3
2024-09-21 12:00:50,589 [INFO] IPUIPlugin:80 - create IPUIPlugin
2024-09-21 12:00:50,589 [INFO] PluginManager:220 - loadIPPluginJar : add fatfs
2024-09-21 12:00:50,593 [INFO] IPUIPlugin:80 - create IPUIPlugin
2024-09-21 12:00:50,593 [INFO] PluginManager:220 - loadIPPluginJar : add fmc
2024-09-21 12:00:50,599 [INFO] IPUIPlugin:80 - create IPUIPlugin
2024-09-21 12:00:50,599 [INFO] PluginManager:220 - loadIPPluginJar : add freertos
2024-09-21 12:00:50,602 [INFO] IPUIPlugin:80 - create IPUIPlugin
2024-09-21 12:00:50,602 [INFO] PluginManager:220 - loadIPPluginJar : add genericplugin
2024-09-21 12:00:50,605 [INFO] IPUIPlugin:80 - create IPUIPlugin
2024-09-21 12:00:50,605 [INFO] PluginManager:220 - loadIPPluginJar : add gfxmmu
2024-09-21 12:00:50,614 [INFO] IPUIPlugin:80 - create IPUIPlugin
2024-09-21 12:00:50,615 [INFO] PluginManager:220 - loadIPPluginJar : add gic
2024-09-21 12:00:50,619 [INFO] IPUIPlugin:80 - create IPUIPlugin
2024-09-21 12:00:50,619 [INFO] PluginManager:220 - loadIPPluginJar : add gpio
2024-09-21 12:00:50,623 [INFO] IPUIPlugin:80 - create IPUIPlugin
2024-09-21 12:00:50,623 [INFO] PluginManager:220 - loadIPPluginJar : add gtzc
2024-09-21 12:00:50,629 [INFO] IPUIPlugin:80 - create IPUIPlugin
2024-09-21 12:00:50,629 [INFO] PluginManager:220 - loadIPPluginJar : add hash
2024-09-21 12:00:50,635 [INFO] IPUIPlugin:80 - create IPUIPlugin
2024-09-21 12:00:50,635 [INFO] PluginManager:220 - loadIPPluginJar : add i2c
2024-09-21 12:00:50,638 [INFO] IPUIPlugin:80 - create IPUIPlugin
2024-09-21 12:00:50,639 [INFO] PluginManager:220 - loadIPPluginJar : add i2s
2024-09-21 12:00:50,645 [INFO] IPUIPlugin:80 - create IPUIPlugin
2024-09-21 12:00:50,645 [INFO] PluginManager:220 - loadIPPluginJar : add i3c
2024-09-21 12:00:50,650 [INFO] IPUIPlugin:80 - create IPUIPlugin
2024-09-21 12:00:50,650 [INFO] PluginManager:220 - loadIPPluginJar : add ipddr
2024-09-21 12:00:50,655 [INFO] IPUIPlugin:80 - create IPUIPlugin
2024-09-21 12:00:50,655 [INFO] PluginManager:220 - loadIPPluginJar : add linkedlist
2024-09-21 12:00:50,660 [INFO] IPUIPlugin:80 - create IPUIPlugin
2024-09-21 12:00:50,660 [INFO] PluginManager:220 - loadIPPluginJar : add lorawan
2024-09-21 12:00:50,662 [INFO] IPUIPlugin:80 - create IPUIPlugin
2024-09-21 12:00:50,663 [INFO] PluginManager:220 - loadIPPluginJar : add ltdc
2024-09-21 12:00:50,672 [INFO] IPUIPlugin:80 - create IPUIPlugin
2024-09-21 12:00:50,672 [INFO] PluginManager:220 - loadIPPluginJar : add mdma
2024-09-21 12:00:50,681 [INFO] IPUIPlugin:80 - create IPUIPlugin
2024-09-21 12:00:50,681 [INFO] PluginManager:220 - loadIPPluginJar : add nvic
2024-09-21 12:00:50,685 [INFO] IPUIPlugin:80 - create IPUIPlugin
2024-09-21 12:00:50,685 [INFO] PluginManager:220 - loadIPPluginJar : add opamp
2024-09-21 12:00:50,691 [INFO] IPUIPlugin:80 - create IPUIPlugin
2024-09-21 12:00:50,691 [INFO] PluginManager:220 - loadIPPluginJar : add openamp
2024-09-21 12:00:50,693 [INFO] IPUIPlugin:80 - create IPUIPlugin
2024-09-21 12:00:50,693 [INFO] PluginManager:220 - loadIPPluginJar : add pdm2pcm
2024-09-21 12:00:50,699 [INFO] IPUIPlugin:80 - create IPUIPlugin
2024-09-21 12:00:50,700 [INFO] PluginManager:220 - loadIPPluginJar : add plateformsettings
2024-09-21 12:00:50,702 [INFO] IPUIPlugin:80 - create IPUIPlugin
2024-09-21 12:00:50,703 [INFO] PluginManager:220 - loadIPPluginJar : add quadspi
2024-09-21 12:00:50,707 [INFO] IPUIPlugin:80 - create IPUIPlugin
2024-09-21 12:00:50,707 [INFO] PluginManager:220 - loadIPPluginJar : add resmgrutility
2024-09-21 12:00:50,709 [INFO] IPUIPlugin:80 - create IPUIPlugin
2024-09-21 12:00:50,710 [INFO] PluginManager:220 - loadIPPluginJar : add sai
2024-09-21 12:00:50,713 [INFO] IPUIPlugin:80 - create IPUIPlugin
2024-09-21 12:00:50,713 [INFO] PluginManager:220 - loadIPPluginJar : add spi
2024-09-21 12:00:50,717 [INFO] IPUIPlugin:80 - create IPUIPlugin
2024-09-21 12:00:50,717 [INFO] PluginManager:220 - loadIPPluginJar : add stm32_wpan
2024-09-21 12:00:50,719 [INFO] IPUIPlugin:80 - create IPUIPlugin
2024-09-21 12:00:50,719 [INFO] PluginManager:220 - loadIPPluginJar : add tim
2024-09-21 12:00:50,723 [INFO] IPUIPlugin:80 - create IPUIPlugin
2024-09-21 12:00:50,723 [INFO] PluginManager:220 - loadIPPluginJar : add touchsensing
2024-09-21 12:00:50,728 [INFO] IPUIPlugin:80 - create IPUIPlugin
2024-09-21 12:00:50,728 [INFO] PluginManager:220 - loadIPPluginJar : add tracer_emb
2024-09-21 12:00:50,732 [INFO] IPUIPlugin:80 - create IPUIPlugin
2024-09-21 12:00:50,732 [INFO] PluginManager:220 - loadIPPluginJar : add ts
2024-09-21 12:00:50,734 [INFO] IPUIPlugin:80 - create IPUIPlugin
2024-09-21 12:00:50,734 [INFO] PluginManager:220 - loadIPPluginJar : add tsc
2024-09-21 12:00:50,737 [INFO] IPUIPlugin:80 - create IPUIPlugin
2024-09-21 12:00:50,738 [INFO] PluginManager:220 - loadIPPluginJar : add ucpd
2024-09-21 12:00:50,744 [INFO] IPUIPlugin:80 - create IPUIPlugin
2024-09-21 12:00:50,744 [INFO] PluginManager:220 - loadIPPluginJar : add usart
2024-09-21 12:00:50,749 [INFO] IPUIPlugin:80 - create IPUIPlugin
2024-09-21 12:00:50,749 [INFO] PluginManager:220 - loadIPPluginJar : add usbx
2024-09-21 12:00:50,875 [INFO] CADModel:165 - CPN selected for project level
2024-09-21 12:00:50,875 [INFO] CADModel:114 - Register for checkConnection events
2024-09-21 12:00:50,876 [FATAL] Updater:308 - Updater called before beeing initialized
2024-09-21 12:00:50,876 [ERROR] CADModel:125 - Updater not yet initialized, retry later 
2024-09-21 12:00:51,031 [INFO] CADModel:165 - CPN selected for project level
2024-09-21 12:00:51,032 [INFO] CADModel:114 - Register for checkConnection events
2024-09-21 12:00:51,032 [FATAL] Updater:308 - Updater called before beeing initialized
2024-09-21 12:00:51,032 [ERROR] CADModel:125 - Updater not yet initialized, retry later 
2024-09-21 12:00:51,034 [FATAL] Updater:308 - Updater called before beeing initialized
2024-09-21 12:00:51,128 [FATAL] Updater:308 - Updater called before beeing initialized
2024-09-21 12:00:51,138 [INFO] DbMcusAds:53 - JSON generation date=Fri Sep 20 15:04:23 CEST 2024 (1726837463121)
2024-09-21 12:00:51,138 [FATAL] Updater:308 - Updater called before beeing initialized
2024-09-21 12:00:51,174 [WARN] DetailPanel:346 - Failed to get advertising image, set to default
2024-09-21 12:00:51,250 [FATAL] Updater:308 - Updater called before beeing initialized
2024-09-21 12:00:51,252 [FATAL] Updater:308 - Updater called before beeing initialized
2024-09-21 12:00:51,252 [FATAL] Updater:308 - Updater called before beeing initialized
2024-09-21 12:00:51,252 [WARN] DetailPanel:346 - Failed to get advertising image, set to default
2024-09-21 12:00:51,252 [FATAL] Updater:308 - Updater called before beeing initialized
2024-09-21 12:00:51,438 [ERROR] Updater:1120 - MainUpdater not yet initialized. External WinMGr cannot be set.
2024-09-21 12:00:51,441 [INFO] Updater:1056 - Updater Version found : 6.10.0
2024-09-21 12:00:51,457 [INFO] ApplicationProperties:184 - Using Application install path: C:\ST\STM32CubeIDE_1.14.0\STM32CubeIDE\plugins\com.st.stm32cube.common.mx_6.10.0.202311202037
2024-09-21 12:00:53,063 [ERROR] LogOutputStream:75 - [STDERR_REDIRECT] Sep 21, 2024 12:00:53 PM java.util.prefs.WindowsPreferences <init>
2024-09-21 12:00:53,064 [ERROR] LogOutputStream:75 - [STDERR_REDIRECT] WARNING: Could not open/create prefs root node Software\JavaSoft\Prefs at root 0xffffffff80000002. Windows RegCreateKeyEx(...) returned error code 5.
2024-09-21 12:00:53,065 [ERROR] LogOutputStream:75 - [STDERR_REDIRECT] 
2024-09-21 12:00:53,104 [INFO] ThirdPartyUpdaterWithRetryManager:70 - Updater plugin not ready yet. [2/15]
2024-09-21 12:00:53,494 [INFO] MainUpdater:2873 - connection check result : 10
2024-09-21 12:00:53,494 [INFO] MainUpdater:290 - Updater Check For Update Now.
2024-09-21 12:00:53,495 [INFO] MicroXplorer:498 - Change Database Version : DB.6.0.100
2024-09-21 12:00:53,499 [INFO] McuFinderGlobals:63 - Set McuFinder mode to 2 (CubeIDE integrated)
2024-09-21 12:00:53,514 [INFO] UserAuth:404 - Internet connection configuration mode: 1
2024-09-21 12:00:53,550 [INFO] JxBrowserEngine:152 - Initiate JxBrowser Engine with user profile folder
2024-09-21 12:00:53,682 [INFO] CheckServerUpdateThread:120 - End of CheckServer Thread
2024-09-21 12:00:54,403 [INFO] WebApp:161 - Instantiating new browser for Auth
2024-09-21 12:00:54,894 [INFO] WebApp:780 - Register for checkConnection events
2024-09-21 12:00:54,894 [INFO] WebApp:414 - Apply proxy settings
2024-09-21 12:00:54,894 [INFO] WebApp:499 - Chromium requires no authentication
2024-09-21 12:00:54,902 [INFO] WebApp:442 - Direct internet connection detected
2024-09-21 12:00:55,031 [INFO] WebApp:192 - Starting web application
2024-09-21 12:00:55,031 [INFO] WebApp:544 - Web application path used C:\ST\STM32CubeIDE_1.14.0\STM32CubeIDE\plugins\com.st.stm32cube.common.mx_6.10.0.202311202037\db\plugins\mcufinder\reactClient1\index.html
2024-09-21 12:00:56,248 [WARN] PackLoader:240 - Cannot read IP mode file for STMicroelectronics.FP-SNS-MOTENVWB1.1.4.0
2024-09-21 12:00:56,259 [WARN] PackLoader:240 - Cannot read IP mode file for STMicroelectronics.X-CUBE-SMBUS.2.1.0
2024-09-21 12:00:56,265 [WARN] PackLoader:240 - Cannot read IP mode file for STMicroelectronics.X-CUBE-TOUCHGFX.4.23.0
2024-09-21 12:00:56,296 [WARN] PackLoader:240 - Cannot read IP mode file for STMicroelectronics.X-CUBE-AZRTOS-F7.1.1.0
2024-09-21 12:00:56,305 [WARN] PackLoader:240 - Cannot read IP mode file for STMicroelectronics.FP-SNS-MOTENV1.4.3.2
2024-09-21 12:00:56,355 [WARN] PackLoader:240 - Cannot read IP mode file for STMicroelectronics.X-CUBE-MEMS1.11.0.0
2024-09-21 12:00:56,435 [WARN] PackLoader:240 - Cannot read IP mode file for STMicroelectronics.FP-SNS-FLIGHT1.5.0.2
2024-09-21 12:00:56,444 [WARN] PackLoader:240 - Cannot read IP mode file for STMicroelectronics.X-CUBE-DISPLAY.3.0.0
2024-09-21 12:00:56,453 [WARN] PackLoader:240 - Cannot read IP mode file for STMicroelectronics.X-CUBE-BLE1.7.0.0
2024-09-21 12:00:56,459 [WARN] PackLoader:240 - Cannot read IP mode file for emotas.I-CUBE-CANOPEN.1.3.0
2024-09-21 12:00:56,470 [WARN] PackLoader:240 - Cannot read IP mode file for STMicroelectronics.X-CUBE-BLEMGR.3.1.0
2024-09-21 12:00:56,476 [WARN] PackLoader:240 - Cannot read IP mode file for STMicroelectronics.FP-SNS-SMARTAG2.1.2.0
2024-09-21 12:00:56,483 [INFO] LogOutputStream:77 - [STDOUT_REDIRECT] 1 : Invalid condition id : UX_CORESTACK_Condition cause : null
2024-09-21 12:00:56,484 [INFO] LogOutputStream:77 - [STDOUT_REDIRECT] 1 : Invalid condition id : UX_CORESTACK_Condition cause : null
2024-09-21 12:00:56,486 [INFO] LogOutputStream:77 - [STDOUT_REDIRECT] 1 : Invalid condition id : UX_CORESTACK_Condition cause : null
2024-09-21 12:00:56,487 [INFO] LogOutputStream:77 - [STDOUT_REDIRECT] 1 : Invalid condition id : UX_CORESTACK_Condition cause : null
2024-09-21 12:00:56,488 [INFO] LogOutputStream:77 - [STDOUT_REDIRECT] 1 : Invalid condition id : UX_CORESTACK_Condition cause : null
2024-09-21 12:00:56,492 [WARN] PackLoader:240 - Cannot read IP mode file for STMicroelectronics.X-CUBE-AZRTOS-WL.2.0.0
2024-09-21 12:00:56,496 [WARN] PackLoader:240 - Cannot read IP mode file for STMicroelectronics.FP-SNS-MOTENV1.5.0.0
2024-09-21 12:00:56,502 [WARN] PackLoader:240 - Cannot read IP mode file for wolfSSL.I-CUBE-wolfMQTT.1.19.0
2024-09-21 12:00:56,510 [WARN] PackLoader:240 - Cannot read IP mode file for WES.I-CUBE-Cesium.1.3.0
2024-09-21 12:00:56,514 [WARN] PackLoader:240 - Cannot read IP mode file for STMicroelectronics.X-CUBE-BLE2.3.3.0
2024-09-21 12:00:56,519 [WARN] PackLoader:240 - Cannot read IP mode file for STMicroelectronics.X-CUBE-TCPP.4.1.0
2024-09-21 12:00:56,525 [WARN] PackLoader:240 - Cannot read IP mode file for STMicroelectronics.X-CUBE-ALGOBUILD.1.3.0
2024-09-21 12:00:56,536 [WARN] PackLoader:240 - Cannot read IP mode file for STMicroelectronics.X-CUBE-AZRTOS-G0.1.1.0
2024-09-21 12:00:56,542 [WARN] PackLoader:240 - Cannot read IP mode file for STMicroelectronics.X-CUBE-SAFEA1.1.2.2
2024-09-21 12:00:56,546 [WARN] PackLoader:240 - Cannot read IP mode file for STMicroelectronics.X-CUBE-NFC4.3.0.0
2024-09-21 12:00:56,555 [WARN] PackLoader:240 - Cannot read IP mode file for EmbeddedOffice.I-CUBE-FS-RTOS.1.0.1
2024-09-21 12:00:56,555 [ERROR] ConditionMgr:805 - Attr not supported : Dmpu
2024-09-21 12:00:56,555 [ERROR] ConditionMgr:805 - Attr not supported : Dmpu
2024-09-21 12:00:56,555 [ERROR] ConditionMgr:805 - Attr not supported : Dmpu
2024-09-21 12:00:56,555 [ERROR] ConditionMgr:805 - Attr not supported : Dmpu
2024-09-21 12:00:56,556 [ERROR] ConditionMgr:805 - Attr not supported : Dmpu
2024-09-21 12:00:56,556 [ERROR] ConditionMgr:805 - Attr not supported : Dmpu
2024-09-21 12:00:56,556 [ERROR] ConditionMgr:805 - Attr not supported : Dmpu
2024-09-21 12:00:56,556 [ERROR] ConditionMgr:805 - Attr not supported : Dmpu
2024-09-21 12:00:56,556 [ERROR] ConditionMgr:805 - Attr not supported : Dmpu
2024-09-21 12:00:56,556 [ERROR] ConditionMgr:805 - Attr not supported : Dmpu
2024-09-21 12:00:56,556 [ERROR] ConditionMgr:805 - Attr not supported : Dmpu
2024-09-21 12:00:56,556 [ERROR] ConditionMgr:805 - Attr not supported : Dmpu
2024-09-21 12:00:56,556 [ERROR] ConditionMgr:805 - Attr not supported : Dmpu
2024-09-21 12:00:56,556 [ERROR] ConditionMgr:805 - Attr not supported : Dmpu
2024-09-21 12:00:56,556 [ERROR] ConditionMgr:805 - Attr not supported : Dmpu
2024-09-21 12:00:56,556 [ERROR] ConditionMgr:805 - Attr not supported : Dmpu
2024-09-21 12:00:56,556 [ERROR] ConditionMgr:805 - Attr not supported : Dmpu
2024-09-21 12:00:56,556 [ERROR] ConditionMgr:805 - Attr not supported : Dmpu
2024-09-21 12:00:56,556 [ERROR] ConditionMgr:805 - Attr not supported : Dmpu
2024-09-21 12:00:56,556 [ERROR] ConditionMgr:805 - Attr not supported : Dmpu
2024-09-21 12:00:56,556 [ERROR] ConditionMgr:805 - Attr not supported : Dmpu
2024-09-21 12:00:56,556 [ERROR] ConditionMgr:805 - Attr not supported : Dmpu
2024-09-21 12:00:56,556 [ERROR] ConditionMgr:805 - Attr not supported : Dmpu
2024-09-21 12:00:56,556 [ERROR] ConditionMgr:805 - Attr not supported : Dmpu
2024-09-21 12:00:56,556 [ERROR] ConditionMgr:805 - Attr not supported : Dmpu
2024-09-21 12:00:56,556 [ERROR] ConditionMgr:805 - Attr not supported : Dmpu
2024-09-21 12:00:56,556 [ERROR] ConditionMgr:805 - Attr not supported : Dmpu
2024-09-21 12:00:56,556 [ERROR] ConditionMgr:805 - Attr not supported : Dmpu
2024-09-21 12:00:56,556 [ERROR] ConditionMgr:805 - Attr not supported : Dmpu
2024-09-21 12:00:56,556 [ERROR] ConditionMgr:805 - Attr not supported : Dmpu
2024-09-21 12:00:56,556 [ERROR] ConditionMgr:805 - Attr not supported : Dmpu
2024-09-21 12:00:56,556 [ERROR] ConditionMgr:805 - Attr not supported : Dmpu
2024-09-21 12:00:56,556 [ERROR] ConditionMgr:805 - Attr not supported : Dmpu
2024-09-21 12:00:56,556 [ERROR] ConditionMgr:805 - Attr not supported : Dmpu
2024-09-21 12:00:56,556 [ERROR] ConditionMgr:805 - Attr not supported : Dmpu
2024-09-21 12:00:56,556 [ERROR] ConditionMgr:805 - Attr not supported : Dmpu
2024-09-21 12:00:56,556 [ERROR] ConditionMgr:805 - Attr not supported : Dmpu
2024-09-21 12:00:56,556 [ERROR] ConditionMgr:805 - Attr not supported : Dmpu
2024-09-21 12:00:56,557 [ERROR] ConditionMgr:805 - Attr not supported : Dmpu
2024-09-21 12:00:56,557 [ERROR] ConditionMgr:805 - Attr not supported : Dmpu
2024-09-21 12:00:56,557 [ERROR] ConditionMgr:805 - Attr not supported : Dmpu
2024-09-21 12:00:56,557 [ERROR] ConditionMgr:805 - Attr not supported : Dmpu
2024-09-21 12:00:56,557 [ERROR] ConditionMgr:805 - Attr not supported : Dmpu
2024-09-21 12:00:56,557 [ERROR] ConditionMgr:805 - Attr not supported : Dmpu
2024-09-21 12:00:56,557 [ERROR] ConditionMgr:805 - Attr not supported : Dmpu
2024-09-21 12:00:56,557 [ERROR] ConditionMgr:805 - Attr not supported : Dmpu
2024-09-21 12:00:56,557 [ERROR] ConditionMgr:805 - Attr not supported : Dmpu
2024-09-21 12:00:56,557 [ERROR] ConditionMgr:805 - Attr not supported : Dmpu
2024-09-21 12:00:56,557 [ERROR] ConditionMgr:805 - Attr not supported : Dmpu
2024-09-21 12:00:56,557 [ERROR] ConditionMgr:805 - Attr not supported : Dmpu
2024-09-21 12:00:56,557 [ERROR] ConditionMgr:805 - Attr not supported : Dmpu
2024-09-21 12:00:56,557 [ERROR] ConditionMgr:805 - Attr not supported : Dmpu
2024-09-21 12:00:56,557 [ERROR] ConditionMgr:805 - Attr not supported : Dmpu
2024-09-21 12:00:56,557 [ERROR] ConditionMgr:805 - Attr not supported : Dmpu
2024-09-21 12:00:56,557 [ERROR] ConditionMgr:805 - Attr not supported : Dmpu
2024-09-21 12:00:56,557 [ERROR] ConditionMgr:805 - Attr not supported : Dmpu
2024-09-21 12:00:56,557 [ERROR] ConditionMgr:805 - Attr not supported : Dmpu
2024-09-21 12:00:56,557 [ERROR] ConditionMgr:805 - Attr not supported : Dmpu
2024-09-21 12:00:56,557 [ERROR] ConditionMgr:805 - Attr not supported : Dmpu
2024-09-21 12:00:56,557 [ERROR] ConditionMgr:805 - Attr not supported : Dmpu
2024-09-21 12:00:56,557 [ERROR] ConditionMgr:805 - Attr not supported : Dmpu
2024-09-21 12:00:56,557 [ERROR] ConditionMgr:805 - Attr not supported : Dmpu
2024-09-21 12:00:56,557 [ERROR] ConditionMgr:805 - Attr not supported : Dmpu
2024-09-21 12:00:56,557 [ERROR] ConditionMgr:805 - Attr not supported : Dmpu
2024-09-21 12:00:56,564 [WARN] PackLoader:240 - Cannot read IP mode file for STMicroelectronics.X-CUBE-BLEMGR.3.0.0
2024-09-21 12:00:56,569 [WARN] PackLoader:240 - Cannot read IP mode file for RealThread.X-CUBE-RT-Thread_Nano.4.1.1
2024-09-21 12:00:56,573 [WARN] PackLoader:240 - Cannot read IP mode file for STMicroelectronics.FP-ATR-SIGFOX1.3.2.0
2024-09-21 12:00:56,577 [WARN] PackLoader:240 - Cannot read IP mode file for STMicroelectronics.X-CUBE-EEPRMA1.5.1.0
2024-09-21 12:00:56,599 [WARN] PackLoader:240 - Cannot read IP mode file for SEGGER.I-CUBE-embOS.1.3.1
2024-09-21 12:00:56,624 [WARN] PackLoader:240 - Cannot read IP mode file for STMicroelectronics.X-CUBE-ALGOBUILD.1.4.0
2024-09-21 12:00:56,629 [WARN] PackLoader:240 - Cannot read IP mode file for STMicroelectronics.X-CUBE-GNSS1.6.0.0
2024-09-21 12:00:56,640 [WARN] PackLoader:240 - Cannot read IP mode file for STMicroelectronics.X-CUBE-AZRTOS-F4.1.1.0
2024-09-21 12:00:56,646 [WARN] PackLoader:240 - Cannot read IP mode file for STMicroelectronics.X-CUBE-ISPU.2.1.0
2024-09-21 12:00:56,650 [WARN] PackLoader:240 - Cannot read IP mode file for STMicroelectronics.X-CUBE-FREERTOS.1.2.0
2024-09-21 12:00:56,654 [WARN] PackLoader:240 - Cannot read IP mode file for wolfSSL.I-CUBE-wolfSSL.5.6.6
2024-09-21 12:00:56,665 [WARN] PackLoader:240 - Cannot read IP mode file for STMicroelectronics.X-CUBE-AZRTOS-L5.2.0.0
2024-09-21 12:00:56,671 [WARN] PackLoader:240 - Cannot read IP mode file for STMicroelectronics.X-CUBE-EEPRMA1.4.2.0
2024-09-21 12:00:56,677 [WARN] PackLoader:240 - Cannot read IP mode file for STMicroelectronics.X-CUBE-NFC6.3.1.0
2024-09-21 12:00:56,683 [WARN] PackLoader:240 - Cannot read IP mode file for ITTIA_DB.I-CUBE-ITTIADB.8.8.0
2024-09-21 12:00:56,687 [WARN] PackLoader:240 - Cannot read IP mode file for STMicroelectronics.X-CUBE-DPower.1.2.0
2024-09-21 12:00:56,691 [WARN] PackLoader:240 - Cannot read IP mode file for STMicroelectronics.X-CUBE-AI.9.0.0
2024-09-21 12:00:56,696 [WARN] PackLoader:240 - Cannot read IP mode file for STMicroelectronics.X-CUBE-NFC7.1.0.1
2024-09-21 12:00:56,701 [WARN] PackLoader:240 - Cannot read IP mode file for STMicroelectronics.X-CUBE-NFC6.3.0.0
2024-09-21 12:00:56,706 [WARN] PackLoader:240 - Cannot read IP mode file for STMicroelectronics.X-CUBE-AI.8.1.0
2024-09-21 12:00:56,717 [WARN] ConditionMgr:438 - getConditionDescription Invalid condition id : LAN8742 Phy interface Condition cause : null
2024-09-21 12:00:56,718 [WARN] PackLoader:240 - Cannot read IP mode file for STMicroelectronics.X-CUBE-AZRTOS-L4.2.0.0
2024-09-21 12:00:56,718 [WARN] ConditionMgr:1039 - genDependencies : Invalid condition id : LAN8742 Phy interface Condition cause : null
2024-09-21 12:00:56,719 [WARN] ConditionMgr:1039 - genDependencies : Invalid condition id : LAN8742 Phy interface Condition cause : null
2024-09-21 12:00:56,719 [WARN] ConditionMgr:1039 - genDependencies : Invalid condition id : LAN8742 Phy interface Condition cause : null
2024-09-21 12:00:56,725 [WARN] PackLoader:240 - Cannot read IP mode file for STMicroelectronics.X-CUBE-SFXS2LP1.4.0.0
2024-09-21 12:00:56,740 [WARN] PackLoader:240 - Cannot read IP mode file for STMicroelectronics.X-CUBE-AZRTOS-H7.3.3.0
2024-09-21 12:00:56,751 [WARN] ConditionMgr:438 - getConditionDescription Invalid condition id : UX DEVICE CLASS RTOS Condition cause : null
2024-09-21 12:00:56,751 [WARN] ConditionMgr:438 - getConditionDescription Invalid condition id : UX DEVICE CLASS RTOS Condition cause : null
2024-09-21 12:00:56,753 [WARN] PackLoader:240 - Cannot read IP mode file for STMicroelectronics.X-CUBE-AZRTOS-WB.2.0.0
2024-09-21 12:00:56,753 [WARN] ConditionMgr:1039 - genDependencies : Invalid condition id : UX DEVICE CLASS RTOS Condition cause : null
2024-09-21 12:00:56,753 [WARN] ConditionMgr:1039 - genDependencies : Invalid condition id : UX DEVICE CLASS RTOS Condition cause : null
2024-09-21 12:00:56,754 [WARN] ConditionMgr:1039 - genDependencies : Invalid condition id : UX DEVICE CLASS RTOS Condition cause : null
2024-09-21 12:00:56,754 [WARN] ConditionMgr:1039 - genDependencies : Invalid condition id : UX DEVICE CLASS RTOS Condition cause : null
2024-09-21 12:00:56,754 [WARN] ConditionMgr:1039 - genDependencies : Invalid condition id : UX DEVICE CLASS RTOS Condition cause : null
2024-09-21 12:00:56,758 [WARN] PackLoader:240 - Cannot read IP mode file for STMicroelectronics.X-CUBE-GNSS1.7.0.0
2024-09-21 12:00:56,764 [WARN] PackLoader:240 - Cannot read IP mode file for STMicroelectronics.FP-SNS-STBOX1.2.0.0
2024-09-21 12:00:56,778 [WARN] PackLoader:240 - Cannot read IP mode file for STMicroelectronics.X-CUBE-SUBG2.5.0.0
2024-09-21 12:00:56,784 [WARN] PackLoader:240 - Cannot read IP mode file for Cesanta.I-CUBE-Mongoose.7.13.0
2024-09-21 12:00:56,793 [WARN] PackLoader:240 - Cannot read IP mode file for STMicroelectronics.X-CUBE-AZRTOS-G4.2.0.0
2024-09-21 12:00:56,801 [WARN] PackLoader:240 - Cannot read IP mode file for Infineon.AIROC-Wi-Fi-Bluetooth-STM32.1.5.1
2024-09-21 12:00:56,807 [WARN] PackLoader:240 - Cannot read IP mode file for STMicroelectronics.FP-SNS-MOTENVWB1.1.3.1
2024-09-21 12:00:56,811 [WARN] PackLoader:240 - Cannot read IP mode file for STMicroelectronics.X-CUBE-ISPU.2.0.0
2024-09-21 12:00:56,814 [WARN] PackLoader:240 - Cannot read IP mode file for STMicroelectronics.X-CUBE-ALS.1.0.2
2024-09-21 12:00:56,832 [WARN] PackLoader:240 - Cannot read IP mode file for STMicroelectronics.X-CUBE-MEMS1.10.0.0
2024-09-21 12:00:56,904 [WARN] PackLoader:240 - Cannot read IP mode file for STMicroelectronics.X-CUBE-FREERTOS.1.1.0
2024-09-21 12:00:56,907 [WARN] PackLoader:240 - Cannot read IP mode file for STMicroelectronics.X-CUBE-TOUCHGFX.4.24.1
2024-09-21 12:00:56,910 [WARN] PackLoader:240 - Cannot read IP mode file for wolfSSL.I-CUBE-wolfTPM.3.4.0
2024-09-21 12:00:56,915 [WARN] PackLoader:240 - Cannot read IP mode file for portGmbH.I-Cube-SoM-uGOAL.1.1.0
2024-09-21 12:00:56,919 [WARN] PackLoader:240 - Cannot read IP mode file for STMicroelectronics.X-CUBE-ALS.1.0.1
2024-09-21 12:00:56,930 [WARN] PackLoader:240 - Cannot read IP mode file for STMicroelectronics.X-CUBE-AZRTOS-H7RS.1.0.0
2024-09-21 12:00:56,935 [WARN] PackLoader:240 - Cannot read IP mode file for STMicroelectronics.FP-ATR-ASTRA1.2.0.0
2024-09-21 12:00:56,942 [WARN] PackLoader:240 - Cannot read IP mode file for STMicroelectronics.X-CUBE-TOF1.3.4.2
2024-09-21 12:00:56,955 [WARN] PackLoader:240 - Cannot read IP mode file for STMicroelectronics.X-CUBE-TOF1.3.4.0
2024-09-21 12:00:56,971 [WARN] PackLoader:240 - Cannot read IP mode file for STMicroelectronics.X-CUBE-AZRTOS-H7.3.2.0
2024-09-21 12:00:56,976 [WARN] PackLoader:240 - Cannot read IP mode file for wolfSSL.I-CUBE-wolfSSH.1.4.17
2024-09-21 12:00:56,976 [INFO] ThirdParty:978 - Integrity check success = true
2024-09-21 12:00:56,977 [INFO] IntegrityCheckThread:100 - exiting critical section [integrity check]
2024-09-21 12:00:56,977 [INFO] IntegrityCheckThread:103 - End integrity checks thread
2024-09-21 12:01:15,678 [ERROR] LogOutputStream:75 - [STDERR_REDIRECT] SLF4J: Failed to load class "org.slf4j.impl.StaticLoggerBinder".
2024-09-21 12:01:15,679 [ERROR] LogOutputStream:75 - [STDERR_REDIRECT] SLF4J: Defaulting to no-operation (NOP) logger implementation
2024-09-21 12:01:15,680 [ERROR] LogOutputStream:75 - [STDERR_REDIRECT] SLF4J: See http://www.slf4j.org/codes.html#StaticLoggerBinder for further details.
2024-09-21 12:01:45,055 [ERROR] LogOutputStream:75 - [STDERR_REDIRECT] 
2024-09-21 12:01:45,055 [ERROR] LogOutputStream:75 - [STDERR_REDIRECT] 
2024-09-21 12:04:54,609 [INFO] Activator:176 - 


2024-09-21 12:04:54,611 [INFO] Activator:177 - !SESSION log4j initialized
2024-09-21 12:04:57,936 [INFO] LogOutputStream:77 - [STDOUT_REDIRECT] 
2024-09-21 12:04:58,535 [INFO] ApplicationProperties:184 - Using Application install path: C:\ST\STM32CubeIDE_1.14.0\STM32CubeIDE\plugins\com.st.stm32cube.common.mx_6.10.0.202311202037
2024-09-21 12:04:58,546 [INFO] DbMcusXml:78 - Set database path to: C:\ST\STM32CubeIDE_1.14.0\STM32CubeIDE\plugins\com.st.stm32cube.common.mx_6.10.0.202311202037\\db\/mcu/
2024-09-21 12:04:58,546 [INFO] ApiDb:274 - Set plugin database path to: C:\ST\STM32CubeIDE_1.14.0\STM32CubeIDE\plugins\com.st.stm32cube.common.mx_6.10.0.202311202037\\db\/plugins/boardmanager/
2024-09-21 12:04:58,546 [WARN] ApiDb:259 - Overriding images path with different value:  => C:\ST\STM32CubeIDE_1.14.0\STM32CubeIDE\plugins\com.st.stm32cube.common.mx_6.10.0.202311202037\\db\/plugins/mcufinder/images/
2024-09-21 12:04:58,550 [INFO] ApiDb:250 - Set database path to: C:\Users\ematric\.stmcufinder\plugins\mcufinder//mcu/
2024-09-21 12:04:58,551 [INFO] DbMcusAds:125 - Set database path to: C:\Users\ematric\.stmcufinder\plugins\mcufinder//mcu/
2024-09-21 12:04:58,552 [INFO] CrossReferenceDbSqlite:203 - Set database path to: C:\Users\ematric\.stmcufinder\plugins\mcufinder//mcu/cs/
2024-09-21 12:04:58,644 [INFO] RulesReader:64 - Compatibility file has been processed (297 Rules)
2024-09-21 12:04:58,705 [INFO] DbMcusXml:78 - Set database path to: C:\ST\STM32CubeIDE_1.14.0\STM32CubeIDE\plugins\com.st.stm32cube.common.mx_6.10.0.202311202037\\db\/mcu/
2024-09-21 12:04:58,705 [INFO] ApiDb:274 - Set plugin database path to: C:\ST\STM32CubeIDE_1.14.0\STM32CubeIDE\plugins\com.st.stm32cube.common.mx_6.10.0.202311202037\\db\/plugins/boardmanager/
2024-09-21 12:04:58,705 [INFO] ApiDb:261 - Set plugin images path to: C:\ST\STM32CubeIDE_1.14.0\STM32CubeIDE\plugins\com.st.stm32cube.common.mx_6.10.0.202311202037\\db\/plugins/mcufinder/images/
2024-09-21 12:04:58,705 [WARN] DbFile:41 - Overriding database path with different value: C:\Users\ematric\.stmcufinder\plugins\mcufinder/ => C:\Users\ematric\.stmcufinder\plugins\mcufinder
2024-09-21 12:04:58,705 [INFO] ApiDb:250 - Set database path to: C:\Users\ematric\.stmcufinder\plugins\mcufinder//mcu/
2024-09-21 12:04:58,706 [WARN] DbFile:41 - Overriding database path with different value: C:\Users\ematric\.stmcufinder\plugins\mcufinder/ => C:\Users\ematric\.stmcufinder\plugins\mcufinder
2024-09-21 12:04:58,706 [INFO] DbMcusAds:125 - Set database path to: C:\Users\ematric\.stmcufinder\plugins\mcufinder//mcu/
2024-09-21 12:04:58,706 [WARN] DbFile:41 - Overriding database path with different value: C:\Users\ematric\.stmcufinder\plugins\mcufinder/ => C:\Users\ematric\.stmcufinder\plugins\mcufinder
2024-09-21 12:04:58,706 [WARN] DbFile:41 - Overriding database path with different value: C:\Users\ematric\.stmcufinder\plugins\mcufinder/ => C:\Users\ematric\.stmcufinder\plugins\mcufinder
2024-09-21 12:04:58,706 [INFO] CrossReferenceDbSqlite:203 - Set database path to: C:\Users\ematric\.stmcufinder\plugins\mcufinder//mcu/cs/
2024-09-21 12:04:58,768 [INFO] MainPanel:264 - HeapMemory: 268435456
2024-09-21 12:04:58,813 [INFO] DbMcusXml:78 - Set database path to: C:\ST\STM32CubeIDE_1.14.0\STM32CubeIDE\plugins\com.st.stm32cube.common.mx_6.10.0.202311202037\\db\/mcu/
2024-09-21 12:04:58,813 [INFO] ApiDb:274 - Set plugin database path to: C:\ST\STM32CubeIDE_1.14.0\STM32CubeIDE\plugins\com.st.stm32cube.common.mx_6.10.0.202311202037\\db\/plugins/boardmanager/
2024-09-21 12:04:58,813 [INFO] ApiDb:261 - Set plugin images path to: C:\ST\STM32CubeIDE_1.14.0\STM32CubeIDE\plugins\com.st.stm32cube.common.mx_6.10.0.202311202037\\db\/plugins/mcufinder/images/
2024-09-21 12:04:58,814 [WARN] DbFile:41 - Overriding database path with different value: C:\Users\ematric\.stmcufinder\plugins\mcufinder/ => C:\Users\ematric\.stmcufinder\plugins\mcufinder
2024-09-21 12:04:58,814 [INFO] ApiDb:250 - Set database path to: C:\Users\ematric\.stmcufinder\plugins\mcufinder//mcu/
2024-09-21 12:04:58,814 [WARN] DbFile:41 - Overriding database path with different value: C:\Users\ematric\.stmcufinder\plugins\mcufinder/ => C:\Users\ematric\.stmcufinder\plugins\mcufinder
2024-09-21 12:04:58,814 [INFO] DbMcusAds:125 - Set database path to: C:\Users\ematric\.stmcufinder\plugins\mcufinder//mcu/
2024-09-21 12:04:58,814 [WARN] DbFile:41 - Overriding database path with different value: C:\Users\ematric\.stmcufinder\plugins\mcufinder/ => C:\Users\ematric\.stmcufinder\plugins\mcufinder
2024-09-21 12:04:58,814 [WARN] DbFile:41 - Overriding database path with different value: C:\Users\ematric\.stmcufinder\plugins\mcufinder/ => C:\Users\ematric\.stmcufinder\plugins\mcufinder
2024-09-21 12:04:58,815 [INFO] CrossReferenceDbSqlite:203 - Set database path to: C:\Users\ematric\.stmcufinder\plugins\mcufinder//mcu/cs/
2024-09-21 12:04:58,828 [INFO] ApplicationProperties:184 - Using Application install path: C:\ST\STM32CubeIDE_1.14.0\STM32CubeIDE\plugins\com.st.stm32cube.common.mx_6.10.0.202311202037
2024-09-21 12:04:58,829 [INFO] PluginManage:196 - Search for loadable plugins [exclusion list=, ]
2024-09-21 12:04:58,830 [INFO] PluginManage:310 - Check plugin analytics
2024-09-21 12:04:59,007 [INFO] AnalyticsPlugin:253 - Accepted Software Licenses: 
2024-09-21 12:04:59,007 [INFO] AnalyticsPlugin:255 - Accepted CMSIS Pack Licenses: 
2024-09-21 12:04:59,007 [INFO] AnalyticsPlugin:257 - Accepted Firmware Licenses: 
2024-09-21 12:04:59,009 [INFO] PluginManage:359 - Loaded plugin analytics (category:tool,tabindex:-1)
2024-09-21 12:04:59,009 [INFO] PluginManage:310 - Check plugin cadmodel
2024-09-21 12:04:59,013 [INFO] CADModel:105 - Init CAD model plugin
2024-09-21 12:04:59,013 [INFO] PluginManage:359 - Loaded plugin cadmodel (category:power,tabindex:5)
2024-09-21 12:04:59,014 [INFO] PluginManage:310 - Check plugin clock
2024-09-21 12:04:59,020 [INFO] PluginManage:359 - Loaded plugin clock (category:base,tabindex:2)
2024-09-21 12:04:59,021 [INFO] PluginManage:310 - Check plugin ddr
2024-09-21 12:04:59,022 [INFO] PluginManage:359 - Loaded plugin ddr (category:tool,tabindex:6)
2024-09-21 12:04:59,022 [INFO] PluginManage:310 - Check plugin filemanager
2024-09-21 12:04:59,148 [INFO] PluginManage:359 - Loaded plugin filemanager (category:base,tabindex:10)
2024-09-21 12:04:59,148 [INFO] PluginManage:310 - Check plugin ipmanager
2024-09-21 12:04:59,153 [INFO] PluginManage:359 - Loaded plugin ipmanager (category:base,tabindex:5)
2024-09-21 12:04:59,154 [INFO] PluginManage:310 - Check plugin lpbam
2024-09-21 12:04:59,159 [INFO] PluginManage:359 - Loaded plugin lpbam (category:base,tabindex:0)
2024-09-21 12:04:59,160 [INFO] PluginManage:310 - Check plugin memorymap
2024-09-21 12:04:59,166 [INFO] PluginManage:359 - Loaded plugin memorymap (category:base,tabindex:4)
2024-09-21 12:04:59,166 [INFO] PluginManage:310 - Check plugin pinoutandconfiguration
2024-09-21 12:04:59,171 [INFO] PluginManage:359 - Loaded plugin pinoutandconfiguration (category:base,tabindex:1)
2024-09-21 12:04:59,171 [INFO] PluginManage:310 - Check plugin pinoutconfig
2024-09-21 12:04:59,240 [WARN] SupportedApi:132 - Cannot load RTOS API schema: s4s-elt-must-match.1: The content of 'definitions' must match (annotation?, (simpleType | complexType)?, (unique | key | keyref)*)). A problem was found starting at: attribute.
2024-09-21 12:04:59,344 [INFO] PluginManage:359 - Loaded plugin pinoutconfig (category:base,tabindex:0)
2024-09-21 12:04:59,344 [INFO] PluginManage:310 - Check plugin power
2024-09-21 12:04:59,355 [INFO] PluginManage:359 - Loaded plugin power (category:power,tabindex:4)
2024-09-21 12:04:59,355 [INFO] PluginManage:310 - Check plugin projectmanager
2024-09-21 12:04:59,368 [INFO] PluginManage:359 - Loaded plugin projectmanager (category:projectmanager,tabindex:3)
2024-09-21 12:04:59,368 [INFO] PluginManage:310 - Check plugin thirdparty
2024-09-21 12:04:59,508 [INFO] PluginManage:359 - Loaded plugin thirdparty (category:base,tabindex:-1)
2024-09-21 12:04:59,508 [WARN] IntegrityCheckThread:84 - waiting for thirdparty lock release [integrity check]
2024-09-21 12:04:59,508 [INFO] PluginManage:310 - Check plugin tools
2024-09-21 12:04:59,508 [INFO] IntegrityCheckThread:86 - entering critical section [integrity check]
2024-09-21 12:04:59,509 [INFO] ThirdPartyUpdaterWithRetryManager:70 - Updater plugin not ready yet. [1/15]
2024-09-21 12:04:59,512 [INFO] PluginManage:359 - Loaded plugin tools (category:base,tabindex:7)
2024-09-21 12:04:59,512 [INFO] PluginManage:310 - Check plugin tutovideos
2024-09-21 12:04:59,651 [INFO] PluginManage:359 - Loaded plugin tutovideos (category:base,tabindex:-1)
2024-09-21 12:04:59,651 [INFO] PluginManage:310 - Check plugin updater
2024-09-21 12:04:59,659 [INFO] PluginManage:359 - Loaded plugin updater (category:base,tabindex:12)
2024-09-21 12:04:59,660 [INFO] PluginManage:310 - Check plugin userauth
2024-09-21 12:04:59,663 [INFO] UserAuth:114 - Init User Auth plugin
2024-09-21 12:04:59,664 [INFO] PluginManage:359 - Loaded plugin userauth (category:base,tabindex:14)
2024-09-21 12:04:59,664 [INFO] PluginManage:283 - PluginManage : Loaded plugins [17]
2024-09-21 12:04:59,839 [INFO] PinOutPanel:1499 - setPackage(No Configuration,No Configuration)
2024-09-21 12:04:59,909 [INFO] CADModel:165 - CPN selected for project level
2024-09-21 12:04:59,909 [INFO] CADModel:114 - Register for checkConnection events
2024-09-21 12:04:59,919 [INFO] IPUIPlugin:80 - create IPUIPlugin
2024-09-21 12:04:59,919 [INFO] PluginManager:220 - loadIPPluginJar : add adc
2024-09-21 12:04:59,921 [INFO] IPUIPlugin:80 - create IPUIPlugin
2024-09-21 12:04:59,921 [INFO] PluginManager:220 - loadIPPluginJar : add aes
2024-09-21 12:04:59,924 [INFO] IPUIPlugin:80 - create IPUIPlugin
2024-09-21 12:04:59,924 [INFO] PluginManager:220 - loadIPPluginJar : add can
2024-09-21 12:04:59,925 [INFO] IPUIPlugin:80 - create IPUIPlugin
2024-09-21 12:04:59,925 [INFO] PluginManager:220 - loadIPPluginJar : add comp
2024-09-21 12:04:59,927 [INFO] IPUIPlugin:80 - create IPUIPlugin
2024-09-21 12:04:59,927 [INFO] PluginManager:220 - loadIPPluginJar : add cryp
2024-09-21 12:04:59,929 [INFO] IPUIPlugin:80 - create IPUIPlugin
2024-09-21 12:04:59,929 [INFO] PluginManager:220 - loadIPPluginJar : add dfsdm
2024-09-21 12:04:59,935 [INFO] IPUIPlugin:80 - create IPUIPlugin
2024-09-21 12:04:59,935 [INFO] PluginManager:220 - loadIPPluginJar : add dma
2024-09-21 12:04:59,938 [INFO] IPUIPlugin:80 - create IPUIPlugin
2024-09-21 12:04:59,938 [INFO] PluginManager:220 - loadIPPluginJar : add dma3
2024-09-21 12:04:59,939 [INFO] IPUIPlugin:80 - create IPUIPlugin
2024-09-21 12:04:59,939 [INFO] PluginManager:220 - loadIPPluginJar : add fatfs
2024-09-21 12:04:59,942 [INFO] IPUIPlugin:80 - create IPUIPlugin
2024-09-21 12:04:59,942 [INFO] PluginManager:220 - loadIPPluginJar : add fmc
2024-09-21 12:04:59,947 [INFO] IPUIPlugin:80 - create IPUIPlugin
2024-09-21 12:04:59,947 [INFO] PluginManager:220 - loadIPPluginJar : add freertos
2024-09-21 12:04:59,948 [INFO] IPUIPlugin:80 - create IPUIPlugin
2024-09-21 12:04:59,948 [INFO] PluginManager:220 - loadIPPluginJar : add genericplugin
2024-09-21 12:04:59,949 [INFO] IPUIPlugin:80 - create IPUIPlugin
2024-09-21 12:04:59,950 [INFO] PluginManager:220 - loadIPPluginJar : add gfxmmu
2024-09-21 12:04:59,954 [INFO] IPUIPlugin:80 - create IPUIPlugin
2024-09-21 12:04:59,954 [INFO] PluginManager:220 - loadIPPluginJar : add gic
2024-09-21 12:04:59,956 [INFO] IPUIPlugin:80 - create IPUIPlugin
2024-09-21 12:04:59,956 [INFO] PluginManager:220 - loadIPPluginJar : add gpio
2024-09-21 12:04:59,958 [INFO] IPUIPlugin:80 - create IPUIPlugin
2024-09-21 12:04:59,958 [INFO] PluginManager:220 - loadIPPluginJar : add gtzc
2024-09-21 12:04:59,960 [INFO] IPUIPlugin:80 - create IPUIPlugin
2024-09-21 12:04:59,960 [INFO] PluginManager:220 - loadIPPluginJar : add hash
2024-09-21 12:04:59,963 [INFO] IPUIPlugin:80 - create IPUIPlugin
2024-09-21 12:04:59,963 [INFO] PluginManager:220 - loadIPPluginJar : add i2c
2024-09-21 12:04:59,964 [INFO] IPUIPlugin:80 - create IPUIPlugin
2024-09-21 12:04:59,965 [INFO] PluginManager:220 - loadIPPluginJar : add i2s
2024-09-21 12:04:59,967 [INFO] IPUIPlugin:80 - create IPUIPlugin
2024-09-21 12:04:59,967 [INFO] PluginManager:220 - loadIPPluginJar : add i3c
2024-09-21 12:04:59,969 [INFO] IPUIPlugin:80 - create IPUIPlugin
2024-09-21 12:04:59,969 [INFO] PluginManager:220 - loadIPPluginJar : add ipddr
2024-09-21 12:04:59,974 [INFO] IPUIPlugin:80 - create IPUIPlugin
2024-09-21 12:04:59,974 [INFO] PluginManager:220 - loadIPPluginJar : add linkedlist
2024-09-21 12:04:59,976 [INFO] IPUIPlugin:80 - create IPUIPlugin
2024-09-21 12:04:59,977 [INFO] PluginManager:220 - loadIPPluginJar : add lorawan
2024-09-21 12:04:59,979 [INFO] IPUIPlugin:80 - create IPUIPlugin
2024-09-21 12:04:59,979 [INFO] PluginManager:220 - loadIPPluginJar : add ltdc
2024-09-21 12:04:59,983 [INFO] IPUIPlugin:80 - create IPUIPlugin
2024-09-21 12:04:59,983 [INFO] PluginManager:220 - loadIPPluginJar : add mdma
2024-09-21 12:04:59,989 [INFO] IPUIPlugin:80 - create IPUIPlugin
2024-09-21 12:04:59,989 [INFO] PluginManager:220 - loadIPPluginJar : add nvic
2024-09-21 12:04:59,991 [INFO] IPUIPlugin:80 - create IPUIPlugin
2024-09-21 12:04:59,991 [INFO] PluginManager:220 - loadIPPluginJar : add opamp
2024-09-21 12:04:59,993 [INFO] IPUIPlugin:80 - create IPUIPlugin
2024-09-21 12:04:59,993 [INFO] PluginManager:220 - loadIPPluginJar : add openamp
2024-09-21 12:04:59,996 [INFO] IPUIPlugin:80 - create IPUIPlugin
2024-09-21 12:04:59,996 [INFO] PluginManager:220 - loadIPPluginJar : add pdm2pcm
2024-09-21 12:04:59,999 [INFO] IPUIPlugin:80 - create IPUIPlugin
2024-09-21 12:05:00,001 [INFO] PluginManager:220 - loadIPPluginJar : add plateformsettings
2024-09-21 12:05:00,003 [INFO] IPUIPlugin:80 - create IPUIPlugin
2024-09-21 12:05:00,003 [INFO] PluginManager:220 - loadIPPluginJar : add quadspi
2024-09-21 12:05:00,005 [INFO] IPUIPlugin:80 - create IPUIPlugin
2024-09-21 12:05:00,005 [INFO] PluginManager:220 - loadIPPluginJar : add resmgrutility
2024-09-21 12:05:00,007 [INFO] IPUIPlugin:80 - create IPUIPlugin
2024-09-21 12:05:00,007 [INFO] PluginManager:220 - loadIPPluginJar : add sai
2024-09-21 12:05:00,009 [INFO] IPUIPlugin:80 - create IPUIPlugin
2024-09-21 12:05:00,009 [INFO] PluginManager:220 - loadIPPluginJar : add spi
2024-09-21 12:05:00,013 [INFO] IPUIPlugin:80 - create IPUIPlugin
2024-09-21 12:05:00,013 [INFO] PluginManager:220 - loadIPPluginJar : add stm32_wpan
2024-09-21 12:05:00,014 [INFO] IPUIPlugin:80 - create IPUIPlugin
2024-09-21 12:05:00,015 [INFO] PluginManager:220 - loadIPPluginJar : add tim
2024-09-21 12:05:00,017 [INFO] IPUIPlugin:80 - create IPUIPlugin
2024-09-21 12:05:00,017 [INFO] PluginManager:220 - loadIPPluginJar : add touchsensing
2024-09-21 12:05:00,019 [INFO] IPUIPlugin:80 - create IPUIPlugin
2024-09-21 12:05:00,019 [INFO] PluginManager:220 - loadIPPluginJar : add tracer_emb
2024-09-21 12:05:00,020 [INFO] IPUIPlugin:80 - create IPUIPlugin
2024-09-21 12:05:00,020 [INFO] PluginManager:220 - loadIPPluginJar : add ts
2024-09-21 12:05:00,021 [INFO] IPUIPlugin:80 - create IPUIPlugin
2024-09-21 12:05:00,021 [INFO] PluginManager:220 - loadIPPluginJar : add tsc
2024-09-21 12:05:00,023 [INFO] IPUIPlugin:80 - create IPUIPlugin
2024-09-21 12:05:00,023 [INFO] PluginManager:220 - loadIPPluginJar : add ucpd
2024-09-21 12:05:00,025 [INFO] IPUIPlugin:80 - create IPUIPlugin
2024-09-21 12:05:00,025 [INFO] PluginManager:220 - loadIPPluginJar : add usart
2024-09-21 12:05:00,027 [INFO] IPUIPlugin:80 - create IPUIPlugin
2024-09-21 12:05:00,027 [INFO] PluginManager:220 - loadIPPluginJar : add usbx
2024-09-21 12:05:00,145 [INFO] CADModel:165 - CPN selected for project level
2024-09-21 12:05:00,145 [INFO] CADModel:114 - Register for checkConnection events
2024-09-21 12:05:00,145 [FATAL] Updater:308 - Updater called before beeing initialized
2024-09-21 12:05:00,146 [ERROR] CADModel:125 - Updater not yet initialized, retry later 
2024-09-21 12:05:00,273 [INFO] CADModel:165 - CPN selected for project level
2024-09-21 12:05:00,273 [INFO] CADModel:114 - Register for checkConnection events
2024-09-21 12:05:00,273 [FATAL] Updater:308 - Updater called before beeing initialized
2024-09-21 12:05:00,274 [ERROR] CADModel:125 - Updater not yet initialized, retry later 
2024-09-21 12:05:00,276 [FATAL] Updater:308 - Updater called before beeing initialized
2024-09-21 12:05:00,369 [FATAL] Updater:308 - Updater called before beeing initialized
2024-09-21 12:05:00,375 [INFO] DbMcusAds:53 - JSON generation date=Fri Sep 20 15:04:23 CEST 2024 (1726837463121)
2024-09-21 12:05:00,376 [FATAL] Updater:308 - Updater called before beeing initialized
2024-09-21 12:05:00,405 [WARN] DetailPanel:346 - Failed to get advertising image, set to default
2024-09-21 12:05:00,474 [FATAL] Updater:308 - Updater called before beeing initialized
2024-09-21 12:05:00,477 [FATAL] Updater:308 - Updater called before beeing initialized
2024-09-21 12:05:00,477 [FATAL] Updater:308 - Updater called before beeing initialized
2024-09-21 12:05:00,477 [WARN] DetailPanel:346 - Failed to get advertising image, set to default
2024-09-21 12:05:00,478 [FATAL] Updater:308 - Updater called before beeing initialized
2024-09-21 12:05:00,518 [ERROR] Updater:1120 - MainUpdater not yet initialized. External WinMGr cannot be set.
2024-09-21 12:05:00,521 [INFO] Updater:1056 - Updater Version found : 6.10.0
2024-09-21 12:05:00,539 [INFO] ApplicationProperties:184 - Using Application install path: C:\ST\STM32CubeIDE_1.14.0\STM32CubeIDE\plugins\com.st.stm32cube.common.mx_6.10.0.202311202037
2024-09-21 12:05:02,118 [ERROR] LogOutputStream:75 - [STDERR_REDIRECT] Sep 21, 2024 12:05:02 PM java.util.prefs.WindowsPreferences <init>
2024-09-21 12:05:02,119 [ERROR] LogOutputStream:75 - [STDERR_REDIRECT] WARNING: Could not open/create prefs root node Software\JavaSoft\Prefs at root 0xffffffff80000002. Windows RegCreateKeyEx(...) returned error code 5.
2024-09-21 12:05:02,119 [ERROR] LogOutputStream:75 - [STDERR_REDIRECT] 
2024-09-21 12:05:02,421 [INFO] MainUpdater:2873 - connection check result : 10
2024-09-21 12:05:02,421 [INFO] MainUpdater:290 - Updater Check For Update Now.
2024-09-21 12:05:02,422 [INFO] MicroXplorer:498 - Change Database Version : DB.6.0.100
2024-09-21 12:05:02,444 [INFO] McuFinderGlobals:63 - Set McuFinder mode to 2 (CubeIDE integrated)
2024-09-21 12:05:02,454 [INFO] UserAuth:404 - Internet connection configuration mode: 1
2024-09-21 12:05:02,484 [INFO] JxBrowserEngine:152 - Initiate JxBrowser Engine with user profile folder
2024-09-21 12:05:02,510 [WARN] MainUpdater:1194 - Updater busy. Cannot search thirdparties
2024-09-21 12:05:02,510 [INFO] ThirdPartyUpdaterWithRetryManager:96 - Updater plugin is busy. [1/15]
2024-09-21 12:05:02,590 [INFO] CheckServerUpdateThread:120 - End of CheckServer Thread
2024-09-21 12:05:02,999 [INFO] WebApp:161 - Instantiating new browser for Auth
2024-09-21 12:05:03,360 [INFO] WebApp:780 - Register for checkConnection events
2024-09-21 12:05:03,360 [INFO] WebApp:414 - Apply proxy settings
2024-09-21 12:05:03,360 [INFO] WebApp:499 - Chromium requires no authentication
2024-09-21 12:05:03,364 [INFO] WebApp:442 - Direct internet connection detected
2024-09-21 12:05:03,464 [INFO] WebApp:192 - Starting web application
2024-09-21 12:05:03,464 [INFO] WebApp:544 - Web application path used C:\ST\STM32CubeIDE_1.14.0\STM32CubeIDE\plugins\com.st.stm32cube.common.mx_6.10.0.202311202037\db\plugins\mcufinder\reactClient1\index.html
2024-09-21 12:05:05,643 [WARN] PackLoader:240 - Cannot read IP mode file for STMicroelectronics.FP-SNS-MOTENVWB1.1.4.0
2024-09-21 12:05:05,657 [WARN] PackLoader:240 - Cannot read IP mode file for STMicroelectronics.X-CUBE-SMBUS.2.1.0
2024-09-21 12:05:05,670 [WARN] PackLoader:240 - Cannot read IP mode file for STMicroelectronics.X-CUBE-TOUCHGFX.4.23.0
2024-09-21 12:05:05,692 [WARN] PackLoader:240 - Cannot read IP mode file for STMicroelectronics.X-CUBE-AZRTOS-F7.1.1.0
2024-09-21 12:05:05,699 [WARN] PackLoader:240 - Cannot read IP mode file for STMicroelectronics.FP-SNS-MOTENV1.4.3.2
2024-09-21 12:05:05,743 [WARN] PackLoader:240 - Cannot read IP mode file for STMicroelectronics.X-CUBE-MEMS1.11.0.0
2024-09-21 12:05:05,819 [WARN] PackLoader:240 - Cannot read IP mode file for STMicroelectronics.FP-SNS-FLIGHT1.5.0.2
2024-09-21 12:05:05,825 [WARN] PackLoader:240 - Cannot read IP mode file for STMicroelectronics.X-CUBE-DISPLAY.3.0.0
2024-09-21 12:05:05,833 [WARN] PackLoader:240 - Cannot read IP mode file for STMicroelectronics.X-CUBE-BLE1.7.0.0
2024-09-21 12:05:05,837 [WARN] PackLoader:240 - Cannot read IP mode file for emotas.I-CUBE-CANOPEN.1.3.0
2024-09-21 12:05:05,843 [WARN] PackLoader:240 - Cannot read IP mode file for STMicroelectronics.X-CUBE-BLEMGR.3.1.0
2024-09-21 12:05:05,848 [WARN] PackLoader:240 - Cannot read IP mode file for STMicroelectronics.FP-SNS-SMARTAG2.1.2.0
2024-09-21 12:05:05,855 [INFO] LogOutputStream:77 - [STDOUT_REDIRECT] 1 : Invalid condition id : UX_CORESTACK_Condition cause : null
2024-09-21 12:05:05,856 [INFO] LogOutputStream:77 - [STDOUT_REDIRECT] 1 : Invalid condition id : UX_CORESTACK_Condition cause : null
2024-09-21 12:05:05,857 [INFO] LogOutputStream:77 - [STDOUT_REDIRECT] 1 : Invalid condition id : UX_CORESTACK_Condition cause : null
2024-09-21 12:05:05,858 [INFO] LogOutputStream:77 - [STDOUT_REDIRECT] 1 : Invalid condition id : UX_CORESTACK_Condition cause : null
2024-09-21 12:05:05,859 [INFO] LogOutputStream:77 - [STDOUT_REDIRECT] 1 : Invalid condition id : UX_CORESTACK_Condition cause : null
2024-09-21 12:05:05,860 [WARN] PackLoader:240 - Cannot read IP mode file for STMicroelectronics.X-CUBE-AZRTOS-WL.2.0.0
2024-09-21 12:05:05,864 [WARN] PackLoader:240 - Cannot read IP mode file for STMicroelectronics.FP-SNS-MOTENV1.5.0.0
2024-09-21 12:05:05,868 [WARN] PackLoader:240 - Cannot read IP mode file for wolfSSL.I-CUBE-wolfMQTT.1.19.0
2024-09-21 12:05:05,876 [WARN] PackLoader:240 - Cannot read IP mode file for WES.I-CUBE-Cesium.1.3.0
2024-09-21 12:05:05,880 [WARN] PackLoader:240 - Cannot read IP mode file for STMicroelectronics.X-CUBE-BLE2.3.3.0
2024-09-21 12:05:05,884 [WARN] PackLoader:240 - Cannot read IP mode file for STMicroelectronics.X-CUBE-TCPP.4.1.0
2024-09-21 12:05:05,889 [WARN] PackLoader:240 - Cannot read IP mode file for STMicroelectronics.X-CUBE-ALGOBUILD.1.3.0
2024-09-21 12:05:05,898 [WARN] PackLoader:240 - Cannot read IP mode file for STMicroelectronics.X-CUBE-AZRTOS-G0.1.1.0
2024-09-21 12:05:05,903 [WARN] PackLoader:240 - Cannot read IP mode file for STMicroelectronics.X-CUBE-SAFEA1.1.2.2
2024-09-21 12:05:05,908 [WARN] PackLoader:240 - Cannot read IP mode file for STMicroelectronics.X-CUBE-NFC4.3.0.0
2024-09-21 12:05:05,915 [WARN] PackLoader:240 - Cannot read IP mode file for EmbeddedOffice.I-CUBE-FS-RTOS.1.0.1
2024-09-21 12:05:05,915 [ERROR] ConditionMgr:805 - Attr not supported : Dmpu
2024-09-21 12:05:05,915 [ERROR] ConditionMgr:805 - Attr not supported : Dmpu
2024-09-21 12:05:05,915 [ERROR] ConditionMgr:805 - Attr not supported : Dmpu
2024-09-21 12:05:05,915 [ERROR] ConditionMgr:805 - Attr not supported : Dmpu
2024-09-21 12:05:05,915 [ERROR] ConditionMgr:805 - Attr not supported : Dmpu
2024-09-21 12:05:05,915 [ERROR] ConditionMgr:805 - Attr not supported : Dmpu
2024-09-21 12:05:05,915 [ERROR] ConditionMgr:805 - Attr not supported : Dmpu
2024-09-21 12:05:05,915 [ERROR] ConditionMgr:805 - Attr not supported : Dmpu
2024-09-21 12:05:05,915 [ERROR] ConditionMgr:805 - Attr not supported : Dmpu
2024-09-21 12:05:05,915 [ERROR] ConditionMgr:805 - Attr not supported : Dmpu
2024-09-21 12:05:05,915 [ERROR] ConditionMgr:805 - Attr not supported : Dmpu
2024-09-21 12:05:05,915 [ERROR] ConditionMgr:805 - Attr not supported : Dmpu
2024-09-21 12:05:05,915 [ERROR] ConditionMgr:805 - Attr not supported : Dmpu
2024-09-21 12:05:05,916 [ERROR] ConditionMgr:805 - Attr not supported : Dmpu
2024-09-21 12:05:05,916 [ERROR] ConditionMgr:805 - Attr not supported : Dmpu
2024-09-21 12:05:05,916 [ERROR] ConditionMgr:805 - Attr not supported : Dmpu
2024-09-21 12:05:05,916 [ERROR] ConditionMgr:805 - Attr not supported : Dmpu
2024-09-21 12:05:05,916 [ERROR] ConditionMgr:805 - Attr not supported : Dmpu
2024-09-21 12:05:05,916 [ERROR] ConditionMgr:805 - Attr not supported : Dmpu
2024-09-21 12:05:05,916 [ERROR] ConditionMgr:805 - Attr not supported : Dmpu
2024-09-21 12:05:05,916 [ERROR] ConditionMgr:805 - Attr not supported : Dmpu
2024-09-21 12:05:05,916 [ERROR] ConditionMgr:805 - Attr not supported : Dmpu
2024-09-21 12:05:05,916 [ERROR] ConditionMgr:805 - Attr not supported : Dmpu
2024-09-21 12:05:05,916 [ERROR] ConditionMgr:805 - Attr not supported : Dmpu
2024-09-21 12:05:05,916 [ERROR] ConditionMgr:805 - Attr not supported : Dmpu
2024-09-21 12:05:05,916 [ERROR] ConditionMgr:805 - Attr not supported : Dmpu
2024-09-21 12:05:05,916 [ERROR] ConditionMgr:805 - Attr not supported : Dmpu
2024-09-21 12:05:05,916 [ERROR] ConditionMgr:805 - Attr not supported : Dmpu
2024-09-21 12:05:05,916 [ERROR] ConditionMgr:805 - Attr not supported : Dmpu
2024-09-21 12:05:05,916 [ERROR] ConditionMgr:805 - Attr not supported : Dmpu
2024-09-21 12:05:05,916 [ERROR] ConditionMgr:805 - Attr not supported : Dmpu
2024-09-21 12:05:05,916 [ERROR] ConditionMgr:805 - Attr not supported : Dmpu
2024-09-21 12:05:05,916 [ERROR] ConditionMgr:805 - Attr not supported : Dmpu
2024-09-21 12:05:05,916 [ERROR] ConditionMgr:805 - Attr not supported : Dmpu
2024-09-21 12:05:05,916 [ERROR] ConditionMgr:805 - Attr not supported : Dmpu
2024-09-21 12:05:05,916 [ERROR] ConditionMgr:805 - Attr not supported : Dmpu
2024-09-21 12:05:05,916 [ERROR] ConditionMgr:805 - Attr not supported : Dmpu
2024-09-21 12:05:05,916 [ERROR] ConditionMgr:805 - Attr not supported : Dmpu
2024-09-21 12:05:05,916 [ERROR] ConditionMgr:805 - Attr not supported : Dmpu
2024-09-21 12:05:05,916 [ERROR] ConditionMgr:805 - Attr not supported : Dmpu
2024-09-21 12:05:05,916 [ERROR] ConditionMgr:805 - Attr not supported : Dmpu
2024-09-21 12:05:05,916 [ERROR] ConditionMgr:805 - Attr not supported : Dmpu
2024-09-21 12:05:05,916 [ERROR] ConditionMgr:805 - Attr not supported : Dmpu
2024-09-21 12:05:05,916 [ERROR] ConditionMgr:805 - Attr not supported : Dmpu
2024-09-21 12:05:05,916 [ERROR] ConditionMgr:805 - Attr not supported : Dmpu
2024-09-21 12:05:05,916 [ERROR] ConditionMgr:805 - Attr not supported : Dmpu
2024-09-21 12:05:05,916 [ERROR] ConditionMgr:805 - Attr not supported : Dmpu
2024-09-21 12:05:05,916 [ERROR] ConditionMgr:805 - Attr not supported : Dmpu
2024-09-21 12:05:05,916 [ERROR] ConditionMgr:805 - Attr not supported : Dmpu
2024-09-21 12:05:05,916 [ERROR] ConditionMgr:805 - Attr not supported : Dmpu
2024-09-21 12:05:05,917 [ERROR] ConditionMgr:805 - Attr not supported : Dmpu
2024-09-21 12:05:05,917 [ERROR] ConditionMgr:805 - Attr not supported : Dmpu
2024-09-21 12:05:05,917 [ERROR] ConditionMgr:805 - Attr not supported : Dmpu
2024-09-21 12:05:05,917 [ERROR] ConditionMgr:805 - Attr not supported : Dmpu
2024-09-21 12:05:05,917 [ERROR] ConditionMgr:805 - Attr not supported : Dmpu
2024-09-21 12:05:05,917 [ERROR] ConditionMgr:805 - Attr not supported : Dmpu
2024-09-21 12:05:05,917 [ERROR] ConditionMgr:805 - Attr not supported : Dmpu
2024-09-21 12:05:05,917 [ERROR] ConditionMgr:805 - Attr not supported : Dmpu
2024-09-21 12:05:05,917 [ERROR] ConditionMgr:805 - Attr not supported : Dmpu
2024-09-21 12:05:05,917 [ERROR] ConditionMgr:805 - Attr not supported : Dmpu
2024-09-21 12:05:05,917 [ERROR] ConditionMgr:805 - Attr not supported : Dmpu
2024-09-21 12:05:05,917 [ERROR] ConditionMgr:805 - Attr not supported : Dmpu
2024-09-21 12:05:05,917 [ERROR] ConditionMgr:805 - Attr not supported : Dmpu
2024-09-21 12:05:05,917 [ERROR] ConditionMgr:805 - Attr not supported : Dmpu
2024-09-21 12:05:05,923 [WARN] PackLoader:240 - Cannot read IP mode file for STMicroelectronics.X-CUBE-BLEMGR.3.0.0
2024-09-21 12:05:05,928 [WARN] PackLoader:240 - Cannot read IP mode file for RealThread.X-CUBE-RT-Thread_Nano.4.1.1
2024-09-21 12:05:05,931 [WARN] PackLoader:240 - Cannot read IP mode file for STMicroelectronics.FP-ATR-SIGFOX1.3.2.0
2024-09-21 12:05:05,935 [WARN] PackLoader:240 - Cannot read IP mode file for STMicroelectronics.X-CUBE-EEPRMA1.5.1.0
2024-09-21 12:05:05,957 [WARN] PackLoader:240 - Cannot read IP mode file for SEGGER.I-CUBE-embOS.1.3.1
2024-09-21 12:05:05,979 [WARN] PackLoader:240 - Cannot read IP mode file for STMicroelectronics.X-CUBE-ALGOBUILD.1.4.0
2024-09-21 12:05:05,983 [WARN] PackLoader:240 - Cannot read IP mode file for STMicroelectronics.X-CUBE-GNSS1.6.0.0
2024-09-21 12:05:05,992 [WARN] PackLoader:240 - Cannot read IP mode file for STMicroelectronics.X-CUBE-AZRTOS-F4.1.1.0
2024-09-21 12:05:05,995 [WARN] PackLoader:240 - Cannot read IP mode file for STMicroelectronics.X-CUBE-ISPU.2.1.0
2024-09-21 12:05:05,999 [WARN] PackLoader:240 - Cannot read IP mode file for STMicroelectronics.X-CUBE-FREERTOS.1.2.0
2024-09-21 12:05:06,003 [WARN] PackLoader:240 - Cannot read IP mode file for wolfSSL.I-CUBE-wolfSSL.5.6.6
2024-09-21 12:05:06,011 [WARN] PackLoader:240 - Cannot read IP mode file for STMicroelectronics.X-CUBE-AZRTOS-L5.2.0.0
2024-09-21 12:05:06,017 [WARN] PackLoader:240 - Cannot read IP mode file for STMicroelectronics.X-CUBE-EEPRMA1.4.2.0
2024-09-21 12:05:06,022 [WARN] PackLoader:240 - Cannot read IP mode file for STMicroelectronics.X-CUBE-NFC6.3.1.0
2024-09-21 12:05:06,026 [WARN] PackLoader:240 - Cannot read IP mode file for ITTIA_DB.I-CUBE-ITTIADB.8.8.0
2024-09-21 12:05:06,030 [WARN] PackLoader:240 - Cannot read IP mode file for STMicroelectronics.X-CUBE-DPower.1.2.0
2024-09-21 12:05:06,034 [WARN] PackLoader:240 - Cannot read IP mode file for STMicroelectronics.X-CUBE-AI.9.0.0
2024-09-21 12:05:06,038 [WARN] PackLoader:240 - Cannot read IP mode file for STMicroelectronics.X-CUBE-NFC7.1.0.1
2024-09-21 12:05:06,043 [WARN] PackLoader:240 - Cannot read IP mode file for STMicroelectronics.X-CUBE-NFC6.3.0.0
2024-09-21 12:05:06,047 [WARN] PackLoader:240 - Cannot read IP mode file for STMicroelectronics.X-CUBE-AI.8.1.0
2024-09-21 12:05:06,056 [WARN] ConditionMgr:438 - getConditionDescription Invalid condition id : LAN8742 Phy interface Condition cause : null
2024-09-21 12:05:06,056 [WARN] PackLoader:240 - Cannot read IP mode file for STMicroelectronics.X-CUBE-AZRTOS-L4.2.0.0
2024-09-21 12:05:06,057 [WARN] ConditionMgr:1039 - genDependencies : Invalid condition id : LAN8742 Phy interface Condition cause : null
2024-09-21 12:05:06,057 [WARN] ConditionMgr:1039 - genDependencies : Invalid condition id : LAN8742 Phy interface Condition cause : null
2024-09-21 12:05:06,057 [WARN] ConditionMgr:1039 - genDependencies : Invalid condition id : LAN8742 Phy interface Condition cause : null
2024-09-21 12:05:06,062 [WARN] PackLoader:240 - Cannot read IP mode file for STMicroelectronics.X-CUBE-SFXS2LP1.4.0.0
2024-09-21 12:05:06,073 [WARN] PackLoader:240 - Cannot read IP mode file for STMicroelectronics.X-CUBE-AZRTOS-H7.3.3.0
2024-09-21 12:05:06,083 [WARN] ConditionMgr:438 - getConditionDescription Invalid condition id : UX DEVICE CLASS RTOS Condition cause : null
2024-09-21 12:05:06,083 [WARN] ConditionMgr:438 - getConditionDescription Invalid condition id : UX DEVICE CLASS RTOS Condition cause : null
2024-09-21 12:05:06,084 [WARN] PackLoader:240 - Cannot read IP mode file for STMicroelectronics.X-CUBE-AZRTOS-WB.2.0.0
2024-09-21 12:05:06,084 [WARN] ConditionMgr:1039 - genDependencies : Invalid condition id : UX DEVICE CLASS RTOS Condition cause : null
2024-09-21 12:05:06,084 [WARN] ConditionMgr:1039 - genDependencies : Invalid condition id : UX DEVICE CLASS RTOS Condition cause : null
2024-09-21 12:05:06,085 [WARN] ConditionMgr:1039 - genDependencies : Invalid condition id : UX DEVICE CLASS RTOS Condition cause : null
2024-09-21 12:05:06,085 [WARN] ConditionMgr:1039 - genDependencies : Invalid condition id : UX DEVICE CLASS RTOS Condition cause : null
2024-09-21 12:05:06,085 [WARN] ConditionMgr:1039 - genDependencies : Invalid condition id : UX DEVICE CLASS RTOS Condition cause : null
2024-09-21 12:05:06,092 [WARN] PackLoader:240 - Cannot read IP mode file for STMicroelectronics.X-CUBE-GNSS1.7.0.0
2024-09-21 12:05:06,097 [WARN] PackLoader:240 - Cannot read IP mode file for STMicroelectronics.FP-SNS-STBOX1.2.0.0
2024-09-21 12:05:06,104 [WARN] PackLoader:240 - Cannot read IP mode file for STMicroelectronics.X-CUBE-SUBG2.5.0.0
2024-09-21 12:05:06,110 [WARN] PackLoader:240 - Cannot read IP mode file for Cesanta.I-CUBE-Mongoose.7.13.0
2024-09-21 12:05:06,117 [WARN] PackLoader:240 - Cannot read IP mode file for STMicroelectronics.X-CUBE-AZRTOS-G4.2.0.0
2024-09-21 12:05:06,125 [WARN] PackLoader:240 - Cannot read IP mode file for Infineon.AIROC-Wi-Fi-Bluetooth-STM32.1.5.1
2024-09-21 12:05:06,131 [WARN] PackLoader:240 - Cannot read IP mode file for STMicroelectronics.FP-SNS-MOTENVWB1.1.3.1
2024-09-21 12:05:06,137 [WARN] PackLoader:240 - Cannot read IP mode file for STMicroelectronics.X-CUBE-ISPU.2.0.0
2024-09-21 12:05:06,141 [WARN] PackLoader:240 - Cannot read IP mode file for STMicroelectronics.X-CUBE-ALS.1.0.2
2024-09-21 12:05:06,158 [WARN] PackLoader:240 - Cannot read IP mode file for STMicroelectronics.X-CUBE-MEMS1.10.0.0
2024-09-21 12:05:06,225 [WARN] PackLoader:240 - Cannot read IP mode file for STMicroelectronics.X-CUBE-FREERTOS.1.1.0
2024-09-21 12:05:06,228 [WARN] PackLoader:240 - Cannot read IP mode file for STMicroelectronics.X-CUBE-TOUCHGFX.4.24.1
2024-09-21 12:05:06,231 [WARN] PackLoader:240 - Cannot read IP mode file for wolfSSL.I-CUBE-wolfTPM.3.4.0
2024-09-21 12:05:06,237 [WARN] PackLoader:240 - Cannot read IP mode file for portGmbH.I-Cube-SoM-uGOAL.1.1.0
2024-09-21 12:05:06,240 [WARN] PackLoader:240 - Cannot read IP mode file for STMicroelectronics.X-CUBE-ALS.1.0.1
2024-09-21 12:05:06,248 [WARN] PackLoader:240 - Cannot read IP mode file for STMicroelectronics.X-CUBE-AZRTOS-H7RS.1.0.0
2024-09-21 12:05:06,252 [WARN] PackLoader:240 - Cannot read IP mode file for STMicroelectronics.FP-ATR-ASTRA1.2.0.0
2024-09-21 12:05:06,257 [WARN] PackLoader:240 - Cannot read IP mode file for STMicroelectronics.X-CUBE-TOF1.3.4.2
2024-09-21 12:05:06,270 [WARN] PackLoader:240 - Cannot read IP mode file for STMicroelectronics.X-CUBE-TOF1.3.4.0
2024-09-21 12:05:06,286 [WARN] PackLoader:240 - Cannot read IP mode file for STMicroelectronics.X-CUBE-AZRTOS-H7.3.2.0
2024-09-21 12:05:06,290 [WARN] PackLoader:240 - Cannot read IP mode file for wolfSSL.I-CUBE-wolfSSH.1.4.17
2024-09-21 12:05:06,292 [INFO] ThirdParty:978 - Integrity check success = true
2024-09-21 12:05:06,292 [INFO] IntegrityCheckThread:100 - exiting critical section [integrity check]
2024-09-21 12:05:06,292 [INFO] IntegrityCheckThread:103 - End integrity checks thread
2024-09-21 12:05:24,091 [ERROR] LogOutputStream:75 - [STDERR_REDIRECT] SLF4J: Failed to load class "org.slf4j.impl.StaticLoggerBinder".
2024-09-21 12:05:24,092 [ERROR] LogOutputStream:75 - [STDERR_REDIRECT] SLF4J: Defaulting to no-operation (NOP) logger implementation
2024-09-21 12:05:24,094 [ERROR] LogOutputStream:75 - [STDERR_REDIRECT] SLF4J: See http://www.slf4j.org/codes.html#StaticLoggerBinder for further details.
2024-09-21 12:25:32,424 [ERROR] LogOutputStream:75 - [STDERR_REDIRECT] 
2024-09-21 12:25:32,426 [ERROR] LogOutputStream:75 - [STDERR_REDIRECT] 
