UG to STEP
! INFO-     NX STEP AP203 - V2206.1700
! INFO-      
! INFO-     Start of Translation: 29-AUG-2023  8:18:35 PM
! INFO-      
! STATUS-   Converting Part: @DB/001797/A
! SUMMARY-   
! SUMMARY-  Summary of Unigraphics Part Entities
! SUMMARY-  For Part: @DB/001797/A 
! SUMMARY-  Entities Processed             Count
! SUMMARY-  ------------------             -----
! SUMMARY-  Part Attribute ..............:     1
! SUMMARY-  Font ........................:     1
! SUMMARY-  Color Table .................:     2
! SUMMARY-  Coordinate System ...........:     2
! SUMMARY-  Parameter ...................:     1
! SUMMARY-  Matrix ......................:     1
! SUMMARY-  Solid .......................:
! SUMMARY-     Body .....................:    22
! SUMMARY-                                 -----
! SUMMARY-  Total                             30
! STATUS-    
! STATUS-   Converting to Output Form (Phase 2 of 3): 29-AUG-2023 8:18:37 PM
! STATUS-    
! STATUS-    
! STATUS-   Generating UG geometry and placing them in parts
! STATUS-    
! SUMMARY-   
! SUMMARY-    STEP Header Information
! SUMMARY-   
! SUMMARY-  Description      Unknown
! SUMMARY-  Imp_Level        1
! SUMMARY-  File_Name        001797_A_1-TO247-4.stp
! SUMMARY-  Date             2023-08-29T20:18:37+02:00
! SUMMARY-  Author           Unknown
! SUMMARY-  Organization     Unknown
! SUMMARY-  Pre_Version      ST-DEVELOPER v18.102
! SUMMARY-  Orig_System      SIEMENS PLM Software NX2206.1700
! SUMMARY-  Authorization    Unknown
! SUMMARY-  Schema_ID        step_merged_ap_schema
! SUMMARY-   
! SUMMARY-    Summary of STEP Entities
! SUMMARY-   
! SUMMARY-  Entity Type                                                   Count
! SUMMARY-  -----------                                                   ------
! SUMMARY-  advanced_face ..............................................:    334
! SUMMARY-  application_context ........................................:      1
! SUMMARY-  approval ...................................................:      3
! SUMMARY-  approval_date_time .........................................:      3
! SUMMARY-  approval_person_organization ...............................:      3
! SUMMARY-  approval_role ..............................................:      3
! SUMMARY-  approval_status ............................................:      3
! SUMMARY-  axis2_placement_3d .........................................:    605
! SUMMARY-  b_spline_curve_with_knots ..................................:     40
! SUMMARY-  calendar_date ..............................................:      3
! SUMMARY-  cartesian_point ............................................:   1857
! SUMMARY-  circle .....................................................:    260
! SUMMARY-  closed_shell ...............................................:     22
! SUMMARY-  conversion_based_unit_and_plane_angle_unit .................:      1
! SUMMARY-  coordinated_universal_time_offset ..........................:      3
! SUMMARY-  cylindrical_surface ........................................:    134
! SUMMARY-  date_and_time ..............................................:      3
! SUMMARY-  dimensional_exponents ......................................:      1
! SUMMARY-  direction ..................................................:   1740
! SUMMARY-  edge_curve .................................................:    840
! SUMMARY-  edge_loop ..................................................:    354
! SUMMARY-  ellipse ....................................................:     10
! SUMMARY-  face_bound .................................................:     38
! SUMMARY-  face_outer_bound ...........................................:    316
! SUMMARY-  geometric_representation_context_and_global_uncertainty_a ..:      1
! SUMMARY-  length_unit_and_si_unit ....................................:      1
! SUMMARY-  line .......................................................:    530
! SUMMARY-  local_time .................................................:      3
! SUMMARY-  manifold_solid_brep ........................................:     22
! SUMMARY-  organization ...............................................:      3
! SUMMARY-  oriented_edge ..............................................:   1680
! SUMMARY-  person .....................................................:      1
! SUMMARY-  person_and_organization ....................................:      3
! SUMMARY-  plane ......................................................:    196
! SUMMARY-  plane_angle_measure_with_unit ..............................:      1
! SUMMARY-  plane_angle_unit_and_si_unit ...............................:      1
! SUMMARY-  product ....................................................:      1
! SUMMARY-  product_context ............................................:      1
! SUMMARY-  product_definition .........................................:      1
! SUMMARY-  product_definition_context .................................:      1
! SUMMARY-  product_definition_formation_with_specified_source .........:      1
! SUMMARY-  product_definition_shape ...................................:      1
! SUMMARY-  product_related_product_category ...........................:      1
! SUMMARY-  si_unit_and_solid_angle_unit ...............................:      1
! SUMMARY-  toroidal_surface ...........................................:      4
! SUMMARY-  uncertainty_measure_with_unit ..............................:      1
! SUMMARY-  vector .....................................................:    530
! SUMMARY-  vertex_point ...............................................:    562
! SUMMARY-                                                               -------
! SUMMARY-  Total                                                          10124
! INFO-      
! INFO-     User interface/default file
! INFO-     Bspline aprx. value in effect for this translation : 2.540000e-02 mm
! INFO-      
! INFO-     Total number of solids input for this translation  :      22
! INFO-      
! INFO-     Number of solids processed without problems        :      22
! INFO-      
! INFO-     Number of solids with problems output as sheets    :       0
! INFO-      
! INFO-     Number of solids not processed                     :       0
! INFO-      
! INFO-     End of Translation: 29-AUG-2023  8:18:38 PM
! INFO-      
UG to STEP
! INFO-     NX STEP AP242 - V2206.1700
! INFO-      
! INFO-     Start of Translation: 29-AUG-2023  8:20:11 PM
! INFO-      
! STATUS-   Converting Part: @DB/001797/A
! STATUS-    
! STATUS-   Converting to Output Form (Phase 2 of 3): 29-AUG-2023 8:20:11 PM
! STATUS-    
! INFO-     Bspline aprx. value in effect for this translation :0.000025  meters 
! INFO-      
! INFO-           Summary of STEP Entities 
! INFO-      
! INFO-     Entity Type                                                   Count 
! INFO-     -----------                                                   ------ 
! INFO-     advanced_brep_shape_representation .......................:   1 
! INFO-     advanced_face ............................................:   334 
! INFO-     application_context ......................................:   1 
! INFO-     application_protocol_definition ..........................:   1 
! INFO-     axis2_placement_3d .......................................:   621 
! INFO-     b_spline_curve_with_knots ................................:   40 
! INFO-     camera_model_d3 ..........................................:   8 
! INFO-     cartesian_point ..........................................:   1897 
! INFO-     circle ...................................................:   260 
! INFO-     closed_shell .............................................:   22 
! INFO-     colour_rgb ...............................................:   4 
! INFO-     curve_style ..............................................:   16 
! INFO-     cylindrical_surface ......................................:   134 
! INFO-     default_model_geometric_view .............................:   1 
! INFO-     direction ................................................:   1788 
! INFO-     draughting_model .........................................:   9 
! INFO-     draughting_pre_defined_colour ............................:   1 
! INFO-     draughting_pre_defined_curve_font ........................:   16 
! INFO-     edge_curve ...............................................:   840 
! INFO-     edge_loop ................................................:   354 
! INFO-     ellipse ..................................................:   10 
! INFO-     face_bound ...............................................:   354 
! INFO-     fill_area_style ..........................................:   22 
! INFO-     fill_area_style_colour ...................................:   22 
! INFO-     geometrically_bounded_wireframe_shape_representation .....:   1 
! INFO-     geometric_curve_set ......................................:   4 
! INFO-     geometric_representation_context_and_global_uncertainty_a :   1 
! INFO-     length_unit_and_si_unit ..................................:   1 
! INFO-     line .....................................................:   546 
! INFO-     manifold_solid_brep ......................................:   22 
! INFO-     mapped_item ..............................................:   9 
! INFO-     mechanical_design_and_draughting_relationship ............:   8 
! INFO-     mechanical_design_geometric_presentation_representation ..:   1 
! INFO-     oriented_edge ............................................:   1680 
! INFO-     planar_box ...............................................:   8 
! INFO-     plane ....................................................:   196 
! INFO-     plane_angle_unit_and_si_unit .............................:   1 
! INFO-     presentation_style_assignment ............................:   38 
! INFO-     product ..................................................:   1 
! INFO-     product_category .........................................:   1 
! INFO-     product_context ..........................................:   1 
! INFO-     product_definition .......................................:   1 
! INFO-     product_definition_context ...............................:   1 
! INFO-     product_definition_formation_with_specified_source .......:   1 
! INFO-     product_definition_shape .................................:   1 
! INFO-     product_related_product_category .........................:   1 
! INFO-     representation_map .......................................:   9 
! INFO-     shape_definition_representation ..........................:   1 
! INFO-     shape_representation .....................................:   1 
! INFO-     shape_representation_relationship ........................:   2 
! INFO-     si_unit_and_solid_angle_unit .............................:   1 
! INFO-     styled_item ..............................................:   38 
! INFO-     surface_side_style .......................................:   22 
! INFO-     surface_style_fill_area ..................................:   22 
! INFO-     surface_style_usage ......................................:   22 
! INFO-     toroidal_surface .........................................:   4 
! INFO-     trimmed_curve ............................................:   16 
! INFO-     uncertainty_measure_with_unit ............................:   1 
! INFO-     vector ...................................................:   546 
! INFO-     vertex_point .............................................:   562 
! INFO-     view_volume ..............................................:   8 
! INFO-                                                                  ------- 
! INFO-     Total                                                         10535 
! INFO-      
! INFO-     End of Translation: 29-AUG-2023  8:20:15 PM
! INFO-      
